#
# A fatal error has been detected by the Java Runtime Environment:
#
#  EXCEPTION_ACCESS_VIOLATION (0xc0000005) at pc=0x215b1896, pid=20656, tid=15372
#
# JRE version: Java(TM) SE Runtime Environment (8.0_60-b27) (build 1.8.0_60-b27)
# Java VM: Java HotSpot(TM) Client VM (25.60-b23 mixed mode windows-x86 )
# Problematic frame:
# C  0x215b1896
#
# Failed to write core dump. Minidumps are not enabled by default on client versions of Windows
#
# If you would like to submit a bug report, please visit:
#   http://bugreport.java.com/bugreport/crash.jsp
# The crash happened outside the Java Virtual Machine in native code.
# See problematic frame for where to report the bug.
#

---------------  T H R E A D  ---------------

Current thread (0x155c9c00):  JavaThread "JavaFX Application Thread" [_thread_in_native, id=15372, stack(0x161e0000,0x16230000)]

siginfo: ExceptionCode=0xc0000005, ExceptionInformation=0x00000008 0x215b1896

Registers:
EAX=0x1622d400, EBX=0x00000000, ECX=0x00000000, EDX=0x00000001
ESP=0x1622d4e4, EBP=0x1622d4f8, ESI=0x00000001, EDI=0x1622dc24
EIP=0x215b1896, EFLAGS=0x00010293

Top of Stack: (sp=0x1622d4e4)
0x1622d4e4:   18e0dc25 15f23fa0 15722d28 00000001
0x1622d4f4:   15722cf8 1622d568 18e0d546 18e0d000
0x1622d504:   1622d540 00000001 00000010 00000001
0x1622d514:   1622dc24 215b1896 155c9d40 00000000
0x1622d524:   00000006 00000004 1622d5b0 00000004
0x1622d534:   1622d610 1622d568 18e0db77 1622dbc0
0x1622d544:   1622dc24 1622d590 00000004 00000004
0x1622d554:   18e17408 1622d5b0 00000000 00000000 

Instructions: (pc=0x215b1896)
0x215b1876:   00 00 00 00 00 00 00 00 00 00 00 00 00 00 00 00
0x215b1886:   00 00 00 00 00 00 00 00 00 00 00 00 00 00 00 00
0x215b1896:   00 00 00 00 00 00 00 00 00 00 00 00 00 00 00 00
0x215b18a6:   00 00 00 00 00 00 00 00 00 00 00 00 00 00 00 00 


Register to memory mapping:

EAX=0x1622d400 is pointing into the stack for thread: 0x155c9c00
EBX=0x00000000 is an unknown value
ECX=0x00000000 is an unknown value
EDX=0x00000001 is an unknown value
ESP=0x1622d4e4 is pointing into the stack for thread: 0x155c9c00
EBP=0x1622d4f8 is pointing into the stack for thread: 0x155c9c00
ESI=0x00000001 is an unknown value
EDI=0x1622dc24 is pointing into the stack for thread: 0x155c9c00


Stack: [0x161e0000,0x16230000],  sp=0x1622d4e4,  free space=309k
Native frames: (J=compiled Java code, j=interpreted, Vv=VM code, C=native code)
C  0x215b1896
C  [jna4617328183599339657.dll+0xd546]
C  [jna4617328183599339657.dll+0x2e5e]
C  [jna4617328183599339657.dll+0x54ce]
J 1048  com.sun.jna.Native.invokeInt(JI[Ljava/lang/Object;)I (0 bytes) @ 0x02a236c6 [0x02a23620+0xa6]
J 1046 C1 com.sun.jna.Function.invoke([Ljava/lang/Object;Ljava/lang/Class;Z)Ljava/lang/Object; (1154 bytes) @ 0x02a26148 [0x02a24580+0x1bc8]
J 1015 C1 com.sun.jna.Function.invoke(Ljava/lang/Class;[Ljava/lang/Object;Ljava/util/Map;)Ljava/lang/Object; (526 bytes) @ 0x02a0c714 [0x02a0c290+0x484]
J 1062 C1 org.ptolemy.fmi.FMIScalarVariable._getOrSetValue(Lcom/sun/jna/Pointer;Ljava/lang/Object;Ljava/lang/Class;Lcom/sun/jna/Function;)V (186 bytes) @ 0x02a35ba0 [0x02a35590+0x610]
J 1061 C1 org.ptolemy.fmi.FMIScalarVariable._getValue(Lcom/sun/jna/Pointer;Ljava/lang/Object;Ljava/lang/Class;)V (130 bytes) @ 0x02a34960 [0x02a345d0+0x390]
J 1055 C1 ecnu.modana.FmiDriver.FMUDriver.GetAllValue(Lorg/ptolemy/fmi/FMIModelDescription;Lcom/sun/jna/Pointer;)Ljava/lang/String; (266 bytes) @ 0x02a2f198 [0x02a2ee90+0x308]
J 1252 C1 ecnu.modana.FmiDriver.CoSimulation.dtmcSimulate(Ljava/lang/String;Ljava/lang/String;Lorg/ptolemy/fmi/FMIModelDescription;DDZLjava/lang/String;)Lecnu/modana/Properties/Trace; (2342 bytes) @ 0x02a88238 [0x02a83760+0x4ad8]
j  ecnu.modana.FmiDriver.CoSimulation.simulateTrace(Ljava/lang/String;Ljava/lang/String;Lorg/ptolemy/fmi/FMIModelDescription;DDZCLjava/lang/String;)Lecnu/modana/Properties/Trace;+21
j  ecnu.modana.Properties.Trace.CosimulationTrace(Ljava/lang/String;Ljava/lang/String;Lorg/ptolemy/fmi/FMIModelDescription;DDI)Lecnu/modana/Properties/Trace;+31
j  ecnu.modana.Properties.PropertiesManager.verifier(Lecnu/modana/Properties/Properties;I)V+366
j  ecnu.modana.Properties.PropertiesUI$3$2.handle(Ljavafx/event/ActionEvent;)V+30
j  ecnu.modana.Properties.PropertiesUI$3$2.handle(Ljavafx/event/Event;)V+5
j  com.sun.javafx.event.CompositeEventHandler.dispatchBubblingEvent(Ljavafx/event/Event;)V+51
J 871 C1 com.sun.javafx.event.EventHandlerManager.dispatchBubblingEvent(Ljavafx/event/Event;)Ljavafx/event/Event; (23 bytes) @ 0x029e61f8 [0x029e6110+0xe8]
j  com.sun.javafx.event.BasicEventDispatcher.dispatchEvent(Ljavafx/event/Event;Ljavafx/event/EventDispatchChain;)Ljavafx/event/Event;+29
J 969 C1 com.sun.javafx.event.EventDispatchChainImpl.dispatchEvent(Ljavafx/event/Event;)Ljavafx/event/Event; (101 bytes) @ 0x029fb61c [0x029fb590+0x8c]
j  com.sun.javafx.event.EventUtil.fireEventImpl(Ljavafx/event/EventDispatchChain;Ljavafx/event/EventTarget;Ljavafx/event/Event;)Ljavafx/event/Event;+10
j  com.sun.javafx.event.EventUtil.fireEvent(Ljavafx/event/EventTarget;Ljavafx/event/Event;)Ljavafx/event/Event;+37
j  javafx.event.Event.fireEvent(Ljavafx/event/EventTarget;Ljavafx/event/Event;)V+30
j  javafx.scene.control.MenuItem.fire()V+10
j  com.sun.javafx.scene.control.skin.ContextMenuContent$MenuItemContainer.doSelect()V+97
j  com.sun.javafx.scene.control.skin.ContextMenuContent$MenuItemContainer.lambda$createChildren$343(Ljavafx/scene/input/MouseEvent;)V+1
j  com.sun.javafx.scene.control.skin.ContextMenuContent$MenuItemContainer$$Lambda$251.handle(Ljavafx/event/Event;)V+8
j  com.sun.javafx.event.CompositeEventHandler$NormalEventHandlerRecord.handleBubblingEvent(Ljavafx/event/Event;)V+5
j  com.sun.javafx.event.CompositeEventHandler.dispatchBubblingEvent(Ljavafx/event/Event;)V+28
J 871 C1 com.sun.javafx.event.EventHandlerManager.dispatchBubblingEvent(Ljavafx/event/Event;)Ljavafx/event/Event; (23 bytes) @ 0x029e61f8 [0x029e6110+0xe8]
J 898 C1 com.sun.javafx.event.CompositeEventDispatcher.dispatchBubblingEvent(Ljavafx/event/Event;)Ljavafx/event/Event; (35 bytes) @ 0x029edd28 [0x029edce0+0x48]
j  com.sun.javafx.event.BasicEventDispatcher.dispatchEvent(Ljavafx/event/Event;Ljavafx/event/EventDispatchChain;)Ljavafx/event/Event;+29
J 969 C1 com.sun.javafx.event.EventDispatchChainImpl.dispatchEvent(Ljavafx/event/Event;)Ljavafx/event/Event; (101 bytes) @ 0x029fb61c [0x029fb590+0x8c]
j  com.sun.javafx.event.BasicEventDispatcher.dispatchEvent(Ljavafx/event/Event;Ljavafx/event/EventDispatchChain;)Ljavafx/event/Event;+17
J 969 C1 com.sun.javafx.event.EventDispatchChainImpl.dispatchEvent(Ljavafx/event/Event;)Ljavafx/event/Event; (101 bytes) @ 0x029fb61c [0x029fb590+0x8c]
j  com.sun.javafx.event.BasicEventDispatcher.dispatchEvent(Ljavafx/event/Event;Ljavafx/event/EventDispatchChain;)Ljavafx/event/Event;+17
J 969 C1 com.sun.javafx.event.EventDispatchChainImpl.dispatchEvent(Ljavafx/event/Event;)Ljavafx/event/Event; (101 bytes) @ 0x029fb61c [0x029fb590+0x8c]
j  com.sun.javafx.event.BasicEventDispatcher.dispatchEvent(Ljavafx/event/Event;Ljavafx/event/EventDispatchChain;)Ljavafx/event/Event;+17
J 969 C1 com.sun.javafx.event.EventDispatchChainImpl.dispatchEvent(Ljavafx/event/Event;)Ljavafx/event/Event; (101 bytes) @ 0x029fb61c [0x029fb590+0x8c]
j  com.sun.javafx.event.EventUtil.fireEventImpl(Ljavafx/event/EventDispatchChain;Ljavafx/event/EventTarget;Ljavafx/event/Event;)Ljavafx/event/Event;+10
j  com.sun.javafx.event.EventUtil.fireEvent(Ljavafx/event/EventTarget;Ljavafx/event/Event;)Ljavafx/event/Event;+46
j  javafx.event.Event.fireEvent(Ljavafx/event/EventTarget;Ljavafx/event/Event;)V+30
j  javafx.scene.Scene$MouseHandler.process(Ljavafx/scene/input/MouseEvent;Z)V+491
j  javafx.scene.Scene$MouseHandler.access$1500(Ljavafx/scene/Scene$MouseHandler;Ljavafx/scene/input/MouseEvent;Z)V+3
j  javafx.scene.Scene.impl_processMouseEvent(Ljavafx/scene/input/MouseEvent;)V+6
j  javafx.scene.Scene$ScenePeerListener.mouseEvent(Ljavafx/event/EventType;DDDDLjavafx/scene/input/MouseButton;ZZZZZZZZZ)V+46
j  com.sun.javafx.tk.quantum.GlassViewEventHandler$MouseEventNotification.run()Ljava/lang/Void;+476
j  com.sun.javafx.tk.quantum.GlassViewEventHandler$MouseEventNotification.run()Ljava/lang/Object;+1
v  ~StubRoutines::call_stub
V  [jvm.dll+0x158985]
V  [jvm.dll+0x21df3e]
V  [jvm.dll+0x158a1e]
V  [jvm.dll+0x10934f]
C  [java.dll+0x102f]
j  com.sun.javafx.tk.quantum.GlassViewEventHandler.lambda$handleMouseEvent$355()Ljava/lang/Void;+11
j  com.sun.javafx.tk.quantum.GlassViewEventHandler$$Lambda$232.get()Ljava/lang/Object;+4
j  com.sun.javafx.tk.quantum.QuantumToolkit.runWithoutRenderLock(Ljava/util/function/Supplier;)Ljava/lang/Object;+18
j  com.sun.javafx.tk.quantum.GlassViewEventHandler.handleMouseEvent(Lcom/sun/glass/ui/View;JIIIIIIIZZ)V+103
j  com.sun.glass.ui.View.handleMouseEvent(JIIIIIIIZZ)V+30
j  com.sun.glass.ui.View.notifyMouse(IIIIIIIZZ)V+181
v  ~StubRoutines::call_stub
V  [jvm.dll+0x158985]
V  [jvm.dll+0x21df3e]
V  [jvm.dll+0x158a1e]
V  [jvm.dll+0xdacfb]
V  [jvm.dll+0xddc8c]
C  [glass.dll+0x478c]

Java frames: (J=compiled Java code, j=interpreted, Vv=VM code)
J 1048  com.sun.jna.Native.invokeInt(JI[Ljava/lang/Object;)I (0 bytes) @ 0x02a23682 [0x02a23620+0x62]
J 1046 C1 com.sun.jna.Function.invoke([Ljava/lang/Object;Ljava/lang/Class;Z)Ljava/lang/Object; (1154 bytes) @ 0x02a26148 [0x02a24580+0x1bc8]
J 1015 C1 com.sun.jna.Function.invoke(Ljava/lang/Class;[Ljava/lang/Object;Ljava/util/Map;)Ljava/lang/Object; (526 bytes) @ 0x02a0c714 [0x02a0c290+0x484]
J 1062 C1 org.ptolemy.fmi.FMIScalarVariable._getOrSetValue(Lcom/sun/jna/Pointer;Ljava/lang/Object;Ljava/lang/Class;Lcom/sun/jna/Function;)V (186 bytes) @ 0x02a35ba0 [0x02a35590+0x610]
J 1061 C1 org.ptolemy.fmi.FMIScalarVariable._getValue(Lcom/sun/jna/Pointer;Ljava/lang/Object;Ljava/lang/Class;)V (130 bytes) @ 0x02a34960 [0x02a345d0+0x390]
J 1055 C1 ecnu.modana.FmiDriver.FMUDriver.GetAllValue(Lorg/ptolemy/fmi/FMIModelDescription;Lcom/sun/jna/Pointer;)Ljava/lang/String; (266 bytes) @ 0x02a2f198 [0x02a2ee90+0x308]
J 1252 C1 ecnu.modana.FmiDriver.CoSimulation.dtmcSimulate(Ljava/lang/String;Ljava/lang/String;Lorg/ptolemy/fmi/FMIModelDescription;DDZLjava/lang/String;)Lecnu/modana/Properties/Trace; (2342 bytes) @ 0x02a88238 [0x02a83760+0x4ad8]
j  ecnu.modana.FmiDriver.CoSimulation.simulateTrace(Ljava/lang/String;Ljava/lang/String;Lorg/ptolemy/fmi/FMIModelDescription;DDZCLjava/lang/String;)Lecnu/modana/Properties/Trace;+21
j  ecnu.modana.Properties.Trace.CosimulationTrace(Ljava/lang/String;Ljava/lang/String;Lorg/ptolemy/fmi/FMIModelDescription;DDI)Lecnu/modana/Properties/Trace;+31
j  ecnu.modana.Properties.PropertiesManager.verifier(Lecnu/modana/Properties/Properties;I)V+366
j  ecnu.modana.Properties.PropertiesUI$3$2.handle(Ljavafx/event/ActionEvent;)V+30
j  ecnu.modana.Properties.PropertiesUI$3$2.handle(Ljavafx/event/Event;)V+5
j  com.sun.javafx.event.CompositeEventHandler.dispatchBubblingEvent(Ljavafx/event/Event;)V+51
J 871 C1 com.sun.javafx.event.EventHandlerManager.dispatchBubblingEvent(Ljavafx/event/Event;)Ljavafx/event/Event; (23 bytes) @ 0x029e61f8 [0x029e6110+0xe8]
j  com.sun.javafx.event.BasicEventDispatcher.dispatchEvent(Ljavafx/event/Event;Ljavafx/event/EventDispatchChain;)Ljavafx/event/Event;+29
J 969 C1 com.sun.javafx.event.EventDispatchChainImpl.dispatchEvent(Ljavafx/event/Event;)Ljavafx/event/Event; (101 bytes) @ 0x029fb61c [0x029fb590+0x8c]
j  com.sun.javafx.event.EventUtil.fireEventImpl(Ljavafx/event/EventDispatchChain;Ljavafx/event/EventTarget;Ljavafx/event/Event;)Ljavafx/event/Event;+10
j  com.sun.javafx.event.EventUtil.fireEvent(Ljavafx/event/EventTarget;Ljavafx/event/Event;)Ljavafx/event/Event;+37
j  javafx.event.Event.fireEvent(Ljavafx/event/EventTarget;Ljavafx/event/Event;)V+30
j  javafx.scene.control.MenuItem.fire()V+10
j  com.sun.javafx.scene.control.skin.ContextMenuContent$MenuItemContainer.doSelect()V+97
j  com.sun.javafx.scene.control.skin.ContextMenuContent$MenuItemContainer.lambda$createChildren$343(Ljavafx/scene/input/MouseEvent;)V+1
j  com.sun.javafx.scene.control.skin.ContextMenuContent$MenuItemContainer$$Lambda$251.handle(Ljavafx/event/Event;)V+8
j  com.sun.javafx.event.CompositeEventHandler$NormalEventHandlerRecord.handleBubblingEvent(Ljavafx/event/Event;)V+5
j  com.sun.javafx.event.CompositeEventHandler.dispatchBubblingEvent(Ljavafx/event/Event;)V+28
J 871 C1 com.sun.javafx.event.EventHandlerManager.dispatchBubblingEvent(Ljavafx/event/Event;)Ljavafx/event/Event; (23 bytes) @ 0x029e61f8 [0x029e6110+0xe8]
J 898 C1 com.sun.javafx.event.CompositeEventDispatcher.dispatchBubblingEvent(Ljavafx/event/Event;)Ljavafx/event/Event; (35 bytes) @ 0x029edd28 [0x029edce0+0x48]
j  com.sun.javafx.event.BasicEventDispatcher.dispatchEvent(Ljavafx/event/Event;Ljavafx/event/EventDispatchChain;)Ljavafx/event/Event;+29
J 969 C1 com.sun.javafx.event.EventDispatchChainImpl.dispatchEvent(Ljavafx/event/Event;)Ljavafx/event/Event; (101 bytes) @ 0x029fb61c [0x029fb590+0x8c]
j  com.sun.javafx.event.BasicEventDispatcher.dispatchEvent(Ljavafx/event/Event;Ljavafx/event/EventDispatchChain;)Ljavafx/event/Event;+17
J 969 C1 com.sun.javafx.event.EventDispatchChainImpl.dispatchEvent(Ljavafx/event/Event;)Ljavafx/event/Event; (101 bytes) @ 0x029fb61c [0x029fb590+0x8c]
j  com.sun.javafx.event.BasicEventDispatcher.dispatchEvent(Ljavafx/event/Event;Ljavafx/event/EventDispatchChain;)Ljavafx/event/Event;+17
J 969 C1 com.sun.javafx.event.EventDispatchChainImpl.dispatchEvent(Ljavafx/event/Event;)Ljavafx/event/Event; (101 bytes) @ 0x029fb61c [0x029fb590+0x8c]
j  com.sun.javafx.event.BasicEventDispatcher.dispatchEvent(Ljavafx/event/Event;Ljavafx/event/EventDispatchChain;)Ljavafx/event/Event;+17
J 969 C1 com.sun.javafx.event.EventDispatchChainImpl.dispatchEvent(Ljavafx/event/Event;)Ljavafx/event/Event; (101 bytes) @ 0x029fb61c [0x029fb590+0x8c]
j  com.sun.javafx.event.EventUtil.fireEventImpl(Ljavafx/event/EventDispatchChain;Ljavafx/event/EventTarget;Ljavafx/event/Event;)Ljavafx/event/Event;+10
j  com.sun.javafx.event.EventUtil.fireEvent(Ljavafx/event/EventTarget;Ljavafx/event/Event;)Ljavafx/event/Event;+46
j  javafx.event.Event.fireEvent(Ljavafx/event/EventTarget;Ljavafx/event/Event;)V+30
j  javafx.scene.Scene$MouseHandler.process(Ljavafx/scene/input/MouseEvent;Z)V+491
j  javafx.scene.Scene$MouseHandler.access$1500(Ljavafx/scene/Scene$MouseHandler;Ljavafx/scene/input/MouseEvent;Z)V+3
j  javafx.scene.Scene.impl_processMouseEvent(Ljavafx/scene/input/MouseEvent;)V+6
j  javafx.scene.Scene$ScenePeerListener.mouseEvent(Ljavafx/event/EventType;DDDDLjavafx/scene/input/MouseButton;ZZZZZZZZZ)V+46
j  com.sun.javafx.tk.quantum.GlassViewEventHandler$MouseEventNotification.run()Ljava/lang/Void;+476
j  com.sun.javafx.tk.quantum.GlassViewEventHandler$MouseEventNotification.run()Ljava/lang/Object;+1
v  ~StubRoutines::call_stub
j  java.security.AccessController.doPrivileged(Ljava/security/PrivilegedAction;Ljava/security/AccessControlContext;)Ljava/lang/Object;+0
j  com.sun.javafx.tk.quantum.GlassViewEventHandler.lambda$handleMouseEvent$355()Ljava/lang/Void;+11
j  com.sun.javafx.tk.quantum.GlassViewEventHandler$$Lambda$232.get()Ljava/lang/Object;+4
j  com.sun.javafx.tk.quantum.QuantumToolkit.runWithoutRenderLock(Ljava/util/function/Supplier;)Ljava/lang/Object;+18
j  com.sun.javafx.tk.quantum.GlassViewEventHandler.handleMouseEvent(Lcom/sun/glass/ui/View;JIIIIIIIZZ)V+103
j  com.sun.glass.ui.View.handleMouseEvent(JIIIIIIIZZ)V+30
j  com.sun.glass.ui.View.notifyMouse(IIIIIIIZZ)V+181
v  ~StubRoutines::call_stub
j  com.sun.glass.ui.win.WinApplication._runLoop(Ljava/lang/Runnable;)V+0
j  com.sun.glass.ui.win.WinApplication.lambda$null$149(ILjava/lang/Runnable;)V+8
j  com.sun.glass.ui.win.WinApplication$$Lambda$40.run()V+12
j  java.lang.Thread.run()V+11
v  ~StubRoutines::call_stub

---------------  P R O C E S S  ---------------

Java Threads: ( => current thread )
  0x15752c00 JavaThread "Prism Font Disposer" daemon [_thread_blocked, id=16484, stack(0x1f4f0000,0x1f540000)]
  0x155d6000 JavaThread "Thread-3" daemon [_thread_in_native, id=21204, stack(0x1b5d0000,0x1b620000)]
=>0x155c9c00 JavaThread "JavaFX Application Thread" [_thread_in_native, id=15372, stack(0x161e0000,0x16230000)]
  0x155c1400 JavaThread "Thread-2" daemon [_thread_blocked, id=19508, stack(0x160c0000,0x16110000)]
  0x155b0400 JavaThread "QuantumRenderer-0" daemon [_thread_blocked, id=20188, stack(0x15a50000,0x15aa0000)]
  0x15564800 JavaThread "JavaFX-Launcher" [_thread_blocked, id=20976, stack(0x15b00000,0x15b50000)]
  0x14f10c00 JavaThread "Service Thread" daemon [_thread_blocked, id=21420, stack(0x15180000,0x151d0000)]
  0x14ee5800 JavaThread "C1 CompilerThread0" daemon [_thread_blocked, id=16680, stack(0x153e0000,0x15430000)]
  0x14ee3c00 JavaThread "Attach Listener" daemon [_thread_blocked, id=19864, stack(0x15260000,0x152b0000)]
  0x14ee1000 JavaThread "Signal Dispatcher" daemon [_thread_blocked, id=18004, stack(0x15110000,0x15160000)]
  0x00951000 JavaThread "Finalizer" daemon [_thread_blocked, id=9700, stack(0x049b0000,0x04a00000)]
  0x0094b000 JavaThread "Reference Handler" daemon [_thread_blocked, id=14456, stack(0x012d0000,0x01320000)]
  0x002ecc00 JavaThread "main" [_thread_blocked, id=20076, stack(0x027c0000,0x02810000)]

Other Threads:
  0x00944400 VMThread [stack: 0x01280000,0x012d0000] [id=21144]
  0x14f64c00 WatcherThread [stack: 0x15360000,0x153b0000] [id=18560]

VM state:not at safepoint (normal execution)

VM Mutex/Monitor currently owned by a thread: None

Heap:
 def new generation   total 9408K, used 3522K [0x04a00000, 0x05430000, 0x09f50000)
  eden space 8384K,  42% used [0x04a00000, 0x04d70530, 0x05230000)
  from space 1024K,   0% used [0x05230000, 0x052305d8, 0x05330000)
  to   space 1024K,   0% used [0x05330000, 0x05330000, 0x05430000)
 tenured generation   total 20724K, used 12042K [0x09f50000, 0x0b38d000, 0x14a00000)
   the space 20724K,  58% used [0x09f50000, 0x0ab12940, 0x0ab12a00, 0x0b38d000)
 Metaspace       used 13494K, capacity 14252K, committed 14336K, reserved 14720K

Card table byte_map: [0x00310000,0x003a0000] byte_map_base: 0x002eb000

Polling page: 0x00180000

CodeCache: size=32768Kb used=3155Kb max_used=3155Kb free=29612Kb
 bounds [0x02810000, 0x02b28000, 0x04810000]
 total_blobs=1910 nmethods=1477 adapters=362
 compilation: enabled

Compilation events (10 events):
Event: 67.165 Thread 0x14ee5800 1487   !         ecnu.modana.FmiDriver.PrismClient::DoStep (126 bytes)
Event: 67.166 Thread 0x14ee5800 nmethod 1487 0x02b22308 code [0x02b224f0, 0x02b22c88]
Event: 67.166 Thread 0x14ee5800 1488             ecnu.modana.FmiDriver.PrismClient::GetValue (80 bytes)
Event: 67.167 Thread 0x14ee5800 nmethod 1488 0x02b23748 code [0x02b23900, 0x02b23cc0]
Event: 67.452 Thread 0x14ee5800 1489             java.util.AbstractCollection::retainAll (49 bytes)
Event: 67.452 Thread 0x14ee5800 nmethod 1489 0x02b24188 code [0x02b242e0, 0x02b244a8]
Event: 73.642 Thread 0x14ee5800 1490             java.util.regex.Pattern$Ctype::isSatisfiedBy (24 bytes)
Event: 73.642 Thread 0x14ee5800 nmethod 1490 0x02b24648 code [0x02b24740, 0x02b24830]
Event: 85.992 Thread 0x14ee5800 1491             java.util.regex.Pattern$GroupTail::match (111 bytes)
Event: 85.993 Thread 0x14ee5800 nmethod 1491 0x02b24948 code [0x02b24a60, 0x02b24c1c]

GC Heap History (10 events):
Event: 86.804 GC heap before
{Heap before GC invocations=2443 (full 10):
 def new generation   total 9408K, used 8385K [0x04a00000, 0x05430000, 0x09f50000)
  eden space 8384K, 100% used [0x04a00000, 0x05230000, 0x05230000)
  from space 1024K,   0% used [0x05330000, 0x05330620, 0x05430000)
  to   space 1024K,   0% used [0x05230000, 0x05230000, 0x05330000)
 tenured generation   total 20724K, used 12042K [0x09f50000, 0x0b38d000, 0x14a00000)
   the space 20724K,  58% used [0x09f50000, 0x0ab12940, 0x0ab12a00, 0x0b38d000)
 Metaspace       used 13494K, capacity 14252K, committed 14336K, reserved 14720K
Event: 86.804 GC heap after
Heap after GC invocations=2444 (full 10):
 def new generation   total 9408K, used 1K [0x04a00000, 0x05430000, 0x09f50000)
  eden space 8384K,   0% used [0x04a00000, 0x04a00000, 0x05230000)
  from space 1024K,   0% used [0x05230000, 0x05230580, 0x05330000)
  to   space 1024K,   0% used [0x05330000, 0x05330000, 0x05430000)
 tenured generation   total 20724K, used 12042K [0x09f50000, 0x0b38d000, 0x14a00000)
   the space 20724K,  58% used [0x09f50000, 0x0ab12940, 0x0ab12a00, 0x0b38d000)
 Metaspace       used 13494K, capacity 14252K, committed 14336K, reserved 14720K
}
Event: 86.823 GC heap before
{Heap before GC invocations=2444 (full 10):
 def new generation   total 9408K, used 8385K [0x04a00000, 0x05430000, 0x09f50000)
  eden space 8384K, 100% used [0x04a00000, 0x05230000, 0x05230000)
  from space 1024K,   0% used [0x05230000, 0x05230580, 0x05330000)
  to   space 1024K,   0% used [0x05330000, 0x05330000, 0x05430000)
 tenured generation   total 20724K, used 12042K [0x09f50000, 0x0b38d000, 0x14a00000)
   the space 20724K,  58% used [0x09f50000, 0x0ab12940, 0x0ab12a00, 0x0b38d000)
 Metaspace       used 13494K, capacity 14252K, committed 14336K, reserved 14720K
Event: 86.824 GC heap after
Heap after GC invocations=2445 (full 10):
 def new generation   total 9408K, used 1K [0x04a00000, 0x05430000, 0x09f50000)
  eden space 8384K,   0% used [0x04a00000, 0x04a00000, 0x05230000)
  from space 1024K,   0% used [0x05330000, 0x05330688, 0x05430000)
  to   space 1024K,   0% used [0x05230000, 0x05230000, 0x05330000)
 tenured generation   total 20724K, used 12042K [0x09f50000, 0x0b38d000, 0x14a00000)
   the space 20724K,  58% used [0x09f50000, 0x0ab12940, 0x0ab12a00, 0x0b38d000)
 Metaspace       used 13494K, capacity 14252K, committed 14336K, reserved 14720K
}
Event: 86.842 GC heap before
{Heap before GC invocations=2445 (full 10):
 def new generation   total 9408K, used 8385K [0x04a00000, 0x05430000, 0x09f50000)
  eden space 8384K, 100% used [0x04a00000, 0x05230000, 0x05230000)
  from space 1024K,   0% used [0x05330000, 0x05330688, 0x05430000)
  to   space 1024K,   0% used [0x05230000, 0x05230000, 0x05330000)
 tenured generation   total 20724K, used 12042K [0x09f50000, 0x0b38d000, 0x14a00000)
   the space 20724K,  58% used [0x09f50000, 0x0ab12940, 0x0ab12a00, 0x0b38d000)
 Metaspace       used 13494K, capacity 14252K, committed 14336K, reserved 14720K
Event: 86.842 GC heap after
Heap after GC invocations=2446 (full 10):
 def new generation   total 9408K, used 1K [0x04a00000, 0x05430000, 0x09f50000)
  eden space 8384K,   0% used [0x04a00000, 0x04a00000, 0x05230000)
  from space 1024K,   0% used [0x05230000, 0x052305b0, 0x05330000)
  to   space 1024K,   0% used [0x05330000, 0x05330000, 0x05430000)
 tenured generation   total 20724K, used 12042K [0x09f50000, 0x0b38d000, 0x14a00000)
   the space 20724K,  58% used [0x09f50000, 0x0ab12940, 0x0ab12a00, 0x0b38d000)
 Metaspace       used 13494K, capacity 14252K, committed 14336K, reserved 14720K
}
Event: 86.860 GC heap before
{Heap before GC invocations=2446 (full 10):
 def new generation   total 9408K, used 8385K [0x04a00000, 0x05430000, 0x09f50000)
  eden space 8384K, 100% used [0x04a00000, 0x05230000, 0x05230000)
  from space 1024K,   0% used [0x05230000, 0x052305b0, 0x05330000)
  to   space 1024K,   0% used [0x05330000, 0x05330000, 0x05430000)
 tenured generation   total 20724K, used 12042K [0x09f50000, 0x0b38d000, 0x14a00000)
   the space 20724K,  58% used [0x09f50000, 0x0ab12940, 0x0ab12a00, 0x0b38d000)
 Metaspace       used 13494K, capacity 14252K, committed 14336K, reserved 14720K
Event: 86.861 GC heap after
Heap after GC invocations=2447 (full 10):
 def new generation   total 9408K, used 1K [0x04a00000, 0x05430000, 0x09f50000)
  eden space 8384K,   0% used [0x04a00000, 0x04a00000, 0x05230000)
  from space 1024K,   0% used [0x05330000, 0x05330560, 0x05430000)
  to   space 1024K,   0% used [0x05230000, 0x05230000, 0x05330000)
 tenured generation   total 20724K, used 12042K [0x09f50000, 0x0b38d000, 0x14a00000)
   the space 20724K,  58% used [0x09f50000, 0x0ab12940, 0x0ab12a00, 0x0b38d000)
 Metaspace       used 13494K, capacity 14252K, committed 14336K, reserved 14720K
}
Event: 86.878 GC heap before
{Heap before GC invocations=2447 (full 10):
 def new generation   total 9408K, used 8385K [0x04a00000, 0x05430000, 0x09f50000)
  eden space 8384K, 100% used [0x04a00000, 0x05230000, 0x05230000)
  from space 1024K,   0% used [0x05330000, 0x05330560, 0x05430000)
  to   space 1024K,   0% used [0x05230000, 0x05230000, 0x05330000)
 tenured generation   total 20724K, used 12042K [0x09f50000, 0x0b38d000, 0x14a00000)
   the space 20724K,  58% used [0x09f50000, 0x0ab12940, 0x0ab12a00, 0x0b38d000)
 Metaspace       used 13494K, capacity 14252K, committed 14336K, reserved 14720K
Event: 86.879 GC heap after
Heap after GC invocations=2448 (full 10):
 def new generation   total 9408K, used 1K [0x04a00000, 0x05430000, 0x09f50000)
  eden space 8384K,   0% used [0x04a00000, 0x04a00000, 0x05230000)
  from space 1024K,   0% used [0x05230000, 0x052305d8, 0x05330000)
  to   space 1024K,   0% used [0x05330000, 0x05330000, 0x05430000)
 tenured generation   total 20724K, used 12042K [0x09f50000, 0x0b38d000, 0x14a00000)
   the space 20724K,  58% used [0x09f50000, 0x0ab12940, 0x0ab12a00, 0x0b38d000)
 Metaspace       used 13494K, capacity 14252K, committed 14336K, reserved 14720K
}

Deoptimization events (0 events):
No events

Internal exceptions (10 events):
Event: 0.409 Thread 0x002ecc00 Exception <a 'java/lang/ArrayIndexOutOfBoundsException': 160> (0x04c52660) thrown at [D:\re\puppet\workspace\8-2-build-windows-i586-cygwin\jdk8u60\4407\hotspot\src\share\vm\interpreter\interpreterRuntime.cpp, line 366]
Event: 0.411 Thread 0x002ecc00 Exception <a 'java/lang/ClassNotFoundException': org/apache/log4j/LayoutCustomizer> (0x04c57da0) thrown at [D:\re\puppet\workspace\8-2-build-windows-i586-cygwin\jdk8u60\4407\hotspot\src\share\vm\classfile\systemDictionary.cpp, line 210]
Event: 0.412 Thread 0x002ecc00 Exception <a 'java/lang/ClassNotFoundException': org/apache/log4j/PatternLayoutCustomizer> (0x04c69190) thrown at [D:\re\puppet\workspace\8-2-build-windows-i586-cygwin\jdk8u60\4407\hotspot\src\share\vm\classfile\systemDictionary.cpp, line 210]
Event: 0.600 Thread 0x002ecc00 Exception <a 'java/lang/NoSuchFieldError': method resolution failed> (0x04a010d8) thrown at [D:\re\puppet\workspace\8-2-build-windows-i586-cygwin\jdk8u60\4407\hotspot\src\share\vm\prims\methodHandles.cpp, line 1146]
Event: 0.601 Thread 0x002ecc00 Exception <a 'java/lang/NoSuchFieldError': method resolution failed> (0x04a0d300) thrown at [D:\re\puppet\workspace\8-2-build-windows-i586-cygwin\jdk8u60\4407\hotspot\src\share\vm\prims\methodHandles.cpp, line 1146]
Event: 0.622 Thread 0x15564800 Exception <a 'java/lang/NullPointerException'> (0x04a9f258) thrown at [D:\re\puppet\workspace\8-2-build-windows-i586-cygwin\jdk8u60\4407\hotspot\src\share\vm\interpreter\linkResolver.cpp, line 1178]
Event: 0.775 Thread 0x155c9c00 Exception <a 'java/lang/NullPointerException'> (0x04b9c0f8) thrown at [D:\re\puppet\workspace\8-2-build-windows-i586-cygwin\jdk8u60\4407\hotspot\src\share\vm\interpreter\linkResolver.cpp, line 1178]
Event: 0.775 Thread 0x155c9c00 Exception <a 'java/lang/NullPointerException'> (0x04b9c0f8) thrown at [D:\re\puppet\workspace\8-2-build-windows-i586-cygwin\jdk8u60\4407\hotspot\src\share\vm\prims\jvm.cpp, line 1390]
Event: 12.078 Thread 0x155c9c00 Exception <a 'java/io/FileNotFoundException'> (0x04b443f0) thrown at [D:\re\puppet\workspace\8-2-build-windows-i586-cygwin\jdk8u60\4407\hotspot\src\share\vm\prims\jni.cpp, line 709]
Event: 12.114 Thread 0x155c9c00 Exception <a 'java/lang/NullPointerException'> (0x04bdbb60) thrown at [D:\re\puppet\workspace\8-2-build-windows-i586-cygwin\jdk8u60\4407\hotspot\src\share\vm\interpreter\linkResolver.cpp, line 1178]

Events (10 events):
Event: 86.804 Executing VM operation: GenCollectForAllocation
Event: 86.804 Executing VM operation: GenCollectForAllocation done
Event: 86.823 Executing VM operation: GenCollectForAllocation
Event: 86.824 Executing VM operation: GenCollectForAllocation done
Event: 86.842 Executing VM operation: GenCollectForAllocation
Event: 86.842 Executing VM operation: GenCollectForAllocation done
Event: 86.860 Executing VM operation: GenCollectForAllocation
Event: 86.861 Executing VM operation: GenCollectForAllocation done
Event: 86.878 Executing VM operation: GenCollectForAllocation
Event: 86.879 Executing VM operation: GenCollectForAllocation done


Dynamic libraries:
0x01330000 - 0x01363000 	D:\ProgramFiles\java\jre32\bin\javaw.exe
0x776c0000 - 0x77840000 	C:\Windows\SysWOW64\ntdll.dll
0x76860000 - 0x76960000 	C:\Windows\syswow64\kernel32.dll
0x75640000 - 0x75686000 	C:\Windows\syswow64\KERNELBASE.dll
0x766c0000 - 0x76760000 	C:\Windows\syswow64\ADVAPI32.dll
0x77070000 - 0x7711c000 	C:\Windows\syswow64\msvcrt.dll
0x77150000 - 0x77169000 	C:\Windows\SysWOW64\sechost.dll
0x76760000 - 0x76850000 	C:\Windows\syswow64\RPCRT4.dll
0x75230000 - 0x75290000 	C:\Windows\syswow64\SspiCli.dll
0x75220000 - 0x7522c000 	C:\Windows\syswow64\CRYPTBASE.dll
0x77170000 - 0x77270000 	C:\Windows\syswow64\USER32.dll
0x76db0000 - 0x76e40000 	C:\Windows\syswow64\GDI32.dll
0x76580000 - 0x7658a000 	C:\Windows\syswow64\LPK.dll
0x76960000 - 0x769fd000 	C:\Windows\syswow64\USP10.dll
0x72250000 - 0x723ee000 	C:\Windows\WinSxS\x86_microsoft.windows.common-controls_6595b64144ccf1df_6.0.7600.16385_none_421189da2b7fabfc\COMCTL32.dll
0x76660000 - 0x766b7000 	C:\Windows\syswow64\SHLWAPI.dll
0x76ed0000 - 0x76f30000 	C:\Windows\system32\IMM32.DLL
0x76590000 - 0x7665c000 	C:\Windows\syswow64\MSCTF.dll
0x6c9d0000 - 0x6ca8f000 	D:\ProgramFiles\java\jre32\bin\msvcr100.dll
0x6bc60000 - 0x6c025000 	D:\ProgramFiles\java\jre32\bin\client\jvm.dll
0x70380000 - 0x70387000 	C:\Windows\system32\WSOCK32.dll
0x76cf0000 - 0x76d25000 	C:\Windows\syswow64\WS2_32.dll
0x77690000 - 0x77696000 	C:\Windows\syswow64\NSI.dll
0x74950000 - 0x74982000 	C:\Windows\system32\WINMM.dll
0x75150000 - 0x75159000 	C:\Windows\system32\VERSION.dll
0x76850000 - 0x76855000 	C:\Windows\syswow64\PSAPI.DLL
0x710c0000 - 0x710cc000 	D:\ProgramFiles\java\jre32\bin\verify.dll
0x71090000 - 0x710b1000 	D:\ProgramFiles\java\jre32\bin\java.dll
0x71070000 - 0x71083000 	D:\ProgramFiles\java\jre32\bin\zip.dll
0x75930000 - 0x76579000 	C:\Windows\syswow64\SHELL32.dll
0x76b80000 - 0x76cdc000 	C:\Windows\syswow64\ole32.dll
0x74d10000 - 0x74d1b000 	C:\Windows\system32\profapi.dll
0x56250000 - 0x5633e000 	D:\ProgramFiles\java\jre32\bin\msvcr120.dll
0x6cad0000 - 0x6cb41000 	D:\ProgramFiles\java\jre32\bin\msvcp120.dll
0x70fd0000 - 0x70fef000 	D:\ProgramFiles\java\jre32\bin\prism_d3d.dll
0x5ad70000 - 0x5af33000 	C:\Windows\system32\d3d9.dll
0x67370000 - 0x67376000 	C:\Windows\system32\d3d8thk.dll
0x6ded0000 - 0x6dee3000 	C:\Windows\system32\dwmapi.dll
0x6e690000 - 0x6e710000 	C:\Windows\system32\uxtheme.dll
0x627e0000 - 0x63409000 	C:\Windows\system32\nvd3dum.dll
0x6e480000 - 0x6e4b3000 	D:\ProgramFiles\java\jre32\bin\glass.dll
0x76d30000 - 0x76dab000 	C:\Windows\syswow64\COMDLG32.dll
0x76e40000 - 0x76ecf000 	C:\Windows\syswow64\OLEAUT32.dll
0x70ce0000 - 0x70d2b000 	C:\Windows\system32\apphelp.dll
0x16230000 - 0x1672b000 	C:\Windows\system32\SOGOUPY.IME
0x72240000 - 0x72245000 	C:\Windows\system32\MSIMG32.dll
0x72100000 - 0x7213c000 	C:\Windows\system32\OLEACC.dll
0x750c0000 - 0x750e1000 	C:\Windows\system32\ntmarta.dll
0x76a00000 - 0x76a45000 	C:\Windows\syswow64\WLDAP32.dll
0x6db50000 - 0x6dcdc000 	C:\Program Files (x86)\SogouInput\Components\PicFace\1.0.0.1394\PicFace.dll
0x69640000 - 0x69665000 	C:\Windows\system32\powrprof.dll
0x75380000 - 0x7551d000 	C:\Windows\syswow64\SETUPAPI.dll
0x77270000 - 0x77297000 	C:\Windows\syswow64\CFGMGR32.dll
0x772a0000 - 0x772b2000 	C:\Windows\syswow64\DEVOBJ.dll
0x5a920000 - 0x5a9e0000 	C:\Program Files (x86)\NVIDIA Corporation\3D Vision\nvSCPAPI.dll
0x6dfc0000 - 0x6dfce000 	C:\Users\Ljf\AppData\Local\Youdao\Dict\Application\6.3.68.1111\WordStrokeHelper32.dll
0x6d750000 - 0x6d761000 	D:\ProgramFiles\java\jre32\bin\javafx_font.dll
0x5e940000 - 0x5ea49000 	C:\Windows\system32\dwrite.dll
0x75690000 - 0x75713000 	C:\Windows\syswow64\CLBCatQ.DLL
0x6a300000 - 0x6a3fb000 	C:\Windows\system32\WindowsCodecs.dll
0x6c8b0000 - 0x6c8ff000 	C:\Users\Ljf\AppData\Roaming\ytmediacenter\report.dll
0x70ff0000 - 0x71059000 	C:\Users\Ljf\AppData\Roaming\ytmediacenter\MSVCP100.dll
0x74b10000 - 0x74b2c000 	C:\Windows\system32\IPHLPAPI.DLL
0x74b00000 - 0x74b07000 	C:\Windows\system32\WINNSI.DLL
0x76a50000 - 0x76b44000 	C:\Windows\syswow64\WININET.dll
0x75720000 - 0x75723000 	C:\Windows\syswow64\Normaliz.dll
0x76f30000 - 0x77065000 	C:\Windows\syswow64\urlmon.dll
0x75520000 - 0x7563c000 	C:\Windows\syswow64\CRYPT32.dll
0x76ce0000 - 0x76cec000 	C:\Windows\syswow64\MSASN1.dll
0x75730000 - 0x75929000 	C:\Windows\syswow64\iertutil.dll
0x6c850000 - 0x6c8a7000 	C:\Users\Ljf\AppData\Roaming\ytmediacenter\coreplay.dll
0x639d0000 - 0x63a01000 	C:\Windows\system32\EhStorShell.dll
0x72140000 - 0x72235000 	C:\Windows\system32\PROPSYS.dll
0x5fa00000 - 0x5fe0b000 	C:\PROGRA~2\MICROS~4\Office14\GROOVEEX.DLL
0x71110000 - 0x711b3000 	C:\Windows\WinSxS\x86_microsoft.vc90.crt_1fc8b3b9a1e18e3b_9.0.30729.4926_none_508ed732bcbc0e5a\MSVCR90.dll
0x70d30000 - 0x70dbe000 	C:\Windows\WinSxS\x86_microsoft.vc90.crt_1fc8b3b9a1e18e3b_9.0.30729.4926_none_508ed732bcbc0e5a\MSVCP90.dll
0x67e40000 - 0x67e6b000 	C:\Windows\WinSxS\x86_microsoft.vc90.atl_1fc8b3b9a1e18e3b_9.0.30729.4148_none_51ca66a2bbe76806\ATL90.DLL
0x5fe10000 - 0x6021f000 	C:\PROGRA~2\COMMON~1\MICROS~1\OFFICE14\Cultures\office.odf
0x5f1f0000 - 0x5f9ff000 	C:\PROGRA~2\MICROS~4\Office14\2052\GrooveIntlResource.dll
0x5f110000 - 0x5f17f000 	C:\Windows\system32\ntshrui.dll
0x74bd0000 - 0x74be9000 	C:\Windows\system32\srvcli.dll
0x6e3f0000 - 0x6e3fb000 	C:\Windows\system32\cscapi.dll
0x6ac10000 - 0x6ac1a000 	C:\Windows\system32\slc.dll
0x6cdc0000 - 0x6cde1000 	C:\Program Files (x86)\Common Files\Microsoft Shared\Ink\rtscom.dll
0x1bba0000 - 0x1bc7d000 	C:\Program Files (x86)\SogouInput\7.8.0.7199\Resource.dll
0x710f0000 - 0x710ff000 	D:\ProgramFiles\java\jre32\bin\prism_common.dll
0x5bc90000 - 0x5bd5f000 	C:\Windows\system32\d2d1.dll
0x70f10000 - 0x70f26000 	C:\Windows\system32\CRYPTSP.dll
0x70ed0000 - 0x70f0b000 	C:\Windows\system32\rsaenh.dll
0x74d20000 - 0x74d37000 	C:\Windows\system32\USERENV.dll
0x6cab0000 - 0x6cac5000 	D:\ProgramFiles\java\jre32\bin\net.dll
0x724e0000 - 0x7251c000 	C:\Windows\system32\mswsock.dll
0x70c80000 - 0x70c86000 	C:\Windows\System32\wship6.dll
0x72520000 - 0x7252d000 	C:\Windows\system32\dhcpcsvc6.DLL
0x74830000 - 0x74842000 	C:\Windows\system32\dhcpcsvc.DLL
0x6b860000 - 0x6b86f000 	D:\ProgramFiles\java\jre32\bin\nio.dll
0x55650000 - 0x55795000 	D:\ProgramFiles\java\jre32\bin\awt.dll
0x18e00000 - 0x18e3d000 	C:\Users\Ljf\AppData\Local\Temp\jna-Ljf\jna4617328183599339657.dll
0x211d0000 - 0x21356000 	C:\Users\Ljf\AppData\Local\Temp\FMUFile3530872757888010547.tmp\binaries\win32\MyBouncingBall.dll
0x71290000 - 0x7137b000 	C:\Windows\system32\dbghelp.dll

VM Arguments:
jvm_args: -Dfile.encoding=UTF-8 
java_command: ecnu.modana.Modana -mui
java_class_path (initial): D:\WorkSpace\Java\win32\modana\bin;D:\WorkSpace\Java\win32\modana\libs\log4j-1.2.17.jar;D:\WorkSpace\Java\win32\modana\libs\dom4j-1.6.1.jar;D:\WorkSpace\Java\win32\modana\libs\org.eclipse.emf_2.6.0.v20140901-1055.jar;D:\WorkSpace\Java\win32\modana\libs\org.eclipse.emf.common_2.10.1.v20140901-1043.jar;D:\WorkSpace\Java\win32\modana\libs\org.eclipse.emf.ecore_2.10.1.v20140901-1043.jar;D:\WorkSpace\Java\win32\modana\libs\org.eclipse.emf.ecore.xmi_2.10.1.v20140901-1043.jar;D:\WorkSpace\Java\win32\modana\libs\fmi.jar;D:\WorkSpace\Java\win32\modana\libs\jna.jar
Launcher Type: SUN_STANDARD

Environment Variables:
PATH=C:/Program Files (x86)/Java/jdk32/jre32/bin/client;C:/Program Files (x86)/Java/jdk32/jre32/bin;C:/Program Files (x86)/Java/jdk32/jre32/lib/i386;C:\ProgramData\Oracle\Java\javapath;C:\Windows\system32;C:\Windows;C:\Windows\System32\Wbem;C:\Windows\System32\WindowsPowerShell\v1.0\;C:\Program Files (x86)\NVIDIA Corporation\PhysX\Common;C:\Windows\SysWOW64;C:\Program Files (x86)\Java\jdk32\bin;C:\Program Files (x86)\Java\jdk32\jre\bin;D:\ProgramFiles\MinGW;D:\ProgramFiles\MinGW\mingw32\bin;D:\ProgramFiles\Cygwin64;D:\ProgramFiles\CTEX\UserData\miktex\bin;D:\ProgramFiles\CTEX\MiKTeX\miktex\bin;D:\ProgramFiles\CTEX\CTeX\ctex\bin;D:\ProgramFiles\CTEX\CTeX\cct\bin;D:\ProgramFiles\CTEX\CTeX\ty\bin;D:\ProgramFiles\CTEX\Ghostscript\gs9.05\bin;D:\ProgramFiles\CTEX\GSview\gsview;D:\ProgramFiles\CTEX\WinEdt;E:\postGraduate\¹¤¾ß\eclipse-automotive-win32\eclipse;
USERNAME=Ljf
OS=Windows_NT
PROCESSOR_IDENTIFIER=Intel64 Family 6 Model 60 Stepping 3, GenuineIntel



---------------  S Y S T E M  ---------------

OS: Windows 7 , 64 bit Build 7600 (6.1.7600.16385)

CPU:total 8 (4 cores per cpu, 2 threads per core) family 6 model 60 stepping 3, cmov, cx8, fxsr, mmx, sse, sse2, sse3, ssse3, sse4.1, sse4.2, popcnt, aes, clmul, erms, lzcnt, ht, tsc, tscinvbit, bmi1, bmi2

Memory: 4k page, physical 8334184k(1212628k free), swap 16666472k(4913528k free)

vm_info: Java HotSpot(TM) Client VM (25.60-b23) for windows-x86 JRE (1.8.0_60-b27), built on Aug  4 2015 10:57:40 by "java_re" with MS VC++ 10.0 (VS2010)

time: Sun Dec 20 21:34:54 2015
elapsed time: 87 seconds (0d 0h 1m 27s)

