#
# A fatal error has been detected by the Java Runtime Environment:
#
#  EXCEPTION_ACCESS_VIOLATION (0xc0000005) at pc=0x21671896, pid=20860, tid=20704
#
# JRE version: Java(TM) SE Runtime Environment (8.0_60-b27) (build 1.8.0_60-b27)
# Java VM: Java HotSpot(TM) Client VM (25.60-b23 mixed mode, sharing windows-x86 )
# Problematic frame:
# C  0x21671896
#
# Failed to write core dump. Minidumps are not enabled by default on client versions of Windows
#
# If you would like to submit a bug report, please visit:
#   http://bugreport.java.com/bugreport/crash.jsp
# The crash happened outside the Java Virtual Machine in native code.
# See problematic frame for where to report the bug.
#

---------------  T H R E A D  ---------------

Current thread (0x164d0800):  JavaThread "JavaFX Application Thread" [_thread_in_native, id=20704, stack(0x16cb0000,0x16d00000)]

siginfo: ExceptionCode=0xc0000005, ExceptionInformation=0x00000008 0x21671896

Registers:
EAX=0x16cfd000, EBX=0x00000000, ECX=0x00000000, EDX=0x00000001
ESP=0x16cfd004, EBP=0x16cfd018, ESI=0x00000001, EDI=0x16cfd744
EIP=0x21671896, EFLAGS=0x00010293

Top of Stack: (sp=0x16cfd004)
0x16cfd004:   1988dc25 2208ed90 162d29c0 00000001
0x16cfd014:   162d29e0 16cfd088 1988d546 1988d000
0x16cfd024:   16cfd060 00000001 00000010 00000001
0x16cfd034:   16cfd744 21671896 164d0940 00000000
0x16cfd044:   00000006 00000004 16cfd0d0 00000004
0x16cfd054:   16cfd130 16cfd088 1988db77 16cfd6e0
0x16cfd064:   16cfd744 16cfd0b0 00000004 00000004
0x16cfd074:   19897408 16cfd0d0 00000000 00000000 

Instructions: (pc=0x21671896)
0x21671876:   00 00 00 00 00 00 00 00 00 00 00 00 00 00 00 00
0x21671886:   00 00 00 00 00 00 00 00 00 00 00 00 00 00 00 00
0x21671896:   00 00 00 00 00 00 00 00 00 00 00 00 00 00 00 00
0x216718a6:   00 00 00 00 00 00 00 00 00 00 00 00 00 00 00 00 


Register to memory mapping:

EAX=0x16cfd000 is pointing into the stack for thread: 0x164d0800
EBX=0x00000000 is an unknown value
ECX=0x00000000 is an unknown value
EDX=0x00000001 is an unknown value
ESP=0x16cfd004 is pointing into the stack for thread: 0x164d0800
EBP=0x16cfd018 is pointing into the stack for thread: 0x164d0800
ESI=0x00000001 is an unknown value
EDI=0x16cfd744 is pointing into the stack for thread: 0x164d0800


Stack: [0x16cb0000,0x16d00000],  sp=0x16cfd004,  free space=308k
Native frames: (J=compiled Java code, j=interpreted, Vv=VM code, C=native code)
C  0x21671896
C  [jna3038147483591704988.dll+0xd546]
C  [jna3038147483591704988.dll+0x2e5e]
C  [jna3038147483591704988.dll+0x54ce]
J 1105  com.sun.jna.Native.invokeInt(JI[Ljava/lang/Object;)I (0 bytes) @ 0x02934c86 [0x02934be0+0xa6]
J 1103 C1 com.sun.jna.Function.invoke([Ljava/lang/Object;Ljava/lang/Class;Z)Ljava/lang/Object; (1154 bytes) @ 0x02994208 [0x02992640+0x1bc8]
J 1073 C1 com.sun.jna.Function.invoke(Ljava/lang/Class;[Ljava/lang/Object;Ljava/util/Map;)Ljava/lang/Object; (526 bytes) @ 0x0297c794 [0x0297c310+0x484]
J 1119 C1 org.ptolemy.fmi.FMIScalarVariable._getOrSetValue(Lcom/sun/jna/Pointer;Ljava/lang/Object;Ljava/lang/Class;Lcom/sun/jna/Function;)V (186 bytes) @ 0x029a3a20 [0x029a3410+0x610]
J 1118 C1 org.ptolemy.fmi.FMIScalarVariable._getValue(Lcom/sun/jna/Pointer;Ljava/lang/Object;Ljava/lang/Class;)V (130 bytes) @ 0x029a27e0 [0x029a2450+0x390]
J 1112 C1 ecnu.modana.FmiDriver.FMUDriver.GetAllValue(Lorg/ptolemy/fmi/FMIModelDescription;Lcom/sun/jna/Pointer;)Ljava/lang/String; (266 bytes) @ 0x0299cfd8 [0x0299ccd0+0x308]
J 1311 C1 ecnu.modana.FmiDriver.CoSimulation.dtmcSimulate(Ljava/lang/String;Ljava/lang/String;Lorg/ptolemy/fmi/FMIModelDescription;DDZLjava/lang/String;)Lecnu/modana/Properties/Trace; (2342 bytes) @ 0x029f89f8 [0x029f3f20+0x4ad8]
j  ecnu.modana.FmiDriver.CoSimulation.simulateTrace(Ljava/lang/String;Ljava/lang/String;Lorg/ptolemy/fmi/FMIModelDescription;DDZCLjava/lang/String;)Lecnu/modana/Properties/Trace;+21
j  ecnu.modana.Properties.Trace.CosimulationTrace(Ljava/lang/String;Ljava/lang/String;Lorg/ptolemy/fmi/FMIModelDescription;DDI)Lecnu/modana/Properties/Trace;+31
j  ecnu.modana.Properties.PropertiesManager.verifier(Lecnu/modana/Properties/Properties;I)V+366
j  ecnu.modana.Properties.PropertiesUI$3$2.handle(Ljavafx/event/ActionEvent;)V+30
j  ecnu.modana.Properties.PropertiesUI$3$2.handle(Ljavafx/event/Event;)V+5
j  com.sun.javafx.event.CompositeEventHandler.dispatchBubblingEvent(Ljavafx/event/Event;)V+51
J 885 C1 com.sun.javafx.event.EventHandlerManager.dispatchBubblingEvent(Ljavafx/event/Event;)Ljavafx/event/Event; (23 bytes) @ 0x0294b8b8 [0x0294b7d0+0xe8]
J 978 C1 com.sun.javafx.event.BasicEventDispatcher.dispatchEvent(Ljavafx/event/Event;Ljavafx/event/EventDispatchChain;)Ljavafx/event/Event; (44 bytes) @ 0x029608b8 [0x02960830+0x88]
J 894 C1 com.sun.javafx.event.EventDispatchChainImpl.dispatchEvent(Ljavafx/event/Event;)Ljavafx/event/Event; (101 bytes) @ 0x0294cddc [0x0294cd50+0x8c]
j  com.sun.javafx.event.EventUtil.fireEventImpl(Ljavafx/event/EventDispatchChain;Ljavafx/event/EventTarget;Ljavafx/event/Event;)Ljavafx/event/Event;+10
j  com.sun.javafx.event.EventUtil.fireEvent(Ljavafx/event/EventTarget;Ljavafx/event/Event;)Ljavafx/event/Event;+37
j  javafx.event.Event.fireEvent(Ljavafx/event/EventTarget;Ljavafx/event/Event;)V+30
j  javafx.scene.control.MenuItem.fire()V+10
j  com.sun.javafx.scene.control.skin.ContextMenuContent$MenuItemContainer.doSelect()V+97
j  com.sun.javafx.scene.control.skin.ContextMenuContent$MenuItemContainer.lambda$createChildren$343(Ljavafx/scene/input/MouseEvent;)V+1
j  com.sun.javafx.scene.control.skin.ContextMenuContent$MenuItemContainer$$Lambda$251.handle(Ljavafx/event/Event;)V+8
j  com.sun.javafx.event.CompositeEventHandler$NormalEventHandlerRecord.handleBubblingEvent(Ljavafx/event/Event;)V+5
j  com.sun.javafx.event.CompositeEventHandler.dispatchBubblingEvent(Ljavafx/event/Event;)V+28
J 885 C1 com.sun.javafx.event.EventHandlerManager.dispatchBubblingEvent(Ljavafx/event/Event;)Ljavafx/event/Event; (23 bytes) @ 0x0294b8b8 [0x0294b7d0+0xe8]
J 897 C1 com.sun.javafx.event.CompositeEventDispatcher.dispatchBubblingEvent(Ljavafx/event/Event;)Ljavafx/event/Event; (35 bytes) @ 0x0294d628 [0x0294d5e0+0x48]
J 978 C1 com.sun.javafx.event.BasicEventDispatcher.dispatchEvent(Ljavafx/event/Event;Ljavafx/event/EventDispatchChain;)Ljavafx/event/Event; (44 bytes) @ 0x029608b8 [0x02960830+0x88]
J 894 C1 com.sun.javafx.event.EventDispatchChainImpl.dispatchEvent(Ljavafx/event/Event;)Ljavafx/event/Event; (101 bytes) @ 0x0294cddc [0x0294cd50+0x8c]
J 978 C1 com.sun.javafx.event.BasicEventDispatcher.dispatchEvent(Ljavafx/event/Event;Ljavafx/event/EventDispatchChain;)Ljavafx/event/Event; (44 bytes) @ 0x0296089c [0x02960830+0x6c]
J 894 C1 com.sun.javafx.event.EventDispatchChainImpl.dispatchEvent(Ljavafx/event/Event;)Ljavafx/event/Event; (101 bytes) @ 0x0294cddc [0x0294cd50+0x8c]
J 978 C1 com.sun.javafx.event.BasicEventDispatcher.dispatchEvent(Ljavafx/event/Event;Ljavafx/event/EventDispatchChain;)Ljavafx/event/Event; (44 bytes) @ 0x0296089c [0x02960830+0x6c]
J 894 C1 com.sun.javafx.event.EventDispatchChainImpl.dispatchEvent(Ljavafx/event/Event;)Ljavafx/event/Event; (101 bytes) @ 0x0294cddc [0x0294cd50+0x8c]
J 978 C1 com.sun.javafx.event.BasicEventDispatcher.dispatchEvent(Ljavafx/event/Event;Ljavafx/event/EventDispatchChain;)Ljavafx/event/Event; (44 bytes) @ 0x0296089c [0x02960830+0x6c]
J 894 C1 com.sun.javafx.event.EventDispatchChainImpl.dispatchEvent(Ljavafx/event/Event;)Ljavafx/event/Event; (101 bytes) @ 0x0294cddc [0x0294cd50+0x8c]
j  com.sun.javafx.event.EventUtil.fireEventImpl(Ljavafx/event/EventDispatchChain;Ljavafx/event/EventTarget;Ljavafx/event/Event;)Ljavafx/event/Event;+10
j  com.sun.javafx.event.EventUtil.fireEvent(Ljavafx/event/EventTarget;Ljavafx/event/Event;)Ljavafx/event/Event;+46
j  javafx.event.Event.fireEvent(Ljavafx/event/EventTarget;Ljavafx/event/Event;)V+30
j  javafx.scene.Scene$MouseHandler.process(Ljavafx/scene/input/MouseEvent;Z)V+491
j  javafx.scene.Scene$MouseHandler.access$1500(Ljavafx/scene/Scene$MouseHandler;Ljavafx/scene/input/MouseEvent;Z)V+3
j  javafx.scene.Scene.impl_processMouseEvent(Ljavafx/scene/input/MouseEvent;)V+6
j  javafx.scene.Scene$ScenePeerListener.mouseEvent(Ljavafx/event/EventType;DDDDLjavafx/scene/input/MouseButton;ZZZZZZZZZ)V+46
j  com.sun.javafx.tk.quantum.GlassViewEventHandler$MouseEventNotification.run()Ljava/lang/Void;+476
j  com.sun.javafx.tk.quantum.GlassViewEventHandler$MouseEventNotification.run()Ljava/lang/Object;+1
v  ~StubRoutines::call_stub
V  [jvm.dll+0x158985]
V  [jvm.dll+0x21df3e]
V  [jvm.dll+0x158a1e]
V  [jvm.dll+0x10934f]
C  [java.dll+0x102f]
j  com.sun.javafx.tk.quantum.GlassViewEventHandler.lambda$handleMouseEvent$355()Ljava/lang/Void;+11
j  com.sun.javafx.tk.quantum.GlassViewEventHandler$$Lambda$236.get()Ljava/lang/Object;+4
j  com.sun.javafx.tk.quantum.QuantumToolkit.runWithoutRenderLock(Ljava/util/function/Supplier;)Ljava/lang/Object;+18
j  com.sun.javafx.tk.quantum.GlassViewEventHandler.handleMouseEvent(Lcom/sun/glass/ui/View;JIIIIIIIZZ)V+103
j  com.sun.glass.ui.View.handleMouseEvent(JIIIIIIIZZ)V+30
j  com.sun.glass.ui.View.notifyMouse(IIIIIIIZZ)V+181
v  ~StubRoutines::call_stub
V  [jvm.dll+0x158985]
V  [jvm.dll+0x21df3e]
V  [jvm.dll+0x158a1e]
V  [jvm.dll+0xdacfb]
V  [jvm.dll+0xddc8c]
C  [glass.dll+0x478c]

Java frames: (J=compiled Java code, j=interpreted, Vv=VM code)
J 1105  com.sun.jna.Native.invokeInt(JI[Ljava/lang/Object;)I (0 bytes) @ 0x02934c42 [0x02934be0+0x62]
J 1103 C1 com.sun.jna.Function.invoke([Ljava/lang/Object;Ljava/lang/Class;Z)Ljava/lang/Object; (1154 bytes) @ 0x02994208 [0x02992640+0x1bc8]
J 1073 C1 com.sun.jna.Function.invoke(Ljava/lang/Class;[Ljava/lang/Object;Ljava/util/Map;)Ljava/lang/Object; (526 bytes) @ 0x0297c794 [0x0297c310+0x484]
J 1119 C1 org.ptolemy.fmi.FMIScalarVariable._getOrSetValue(Lcom/sun/jna/Pointer;Ljava/lang/Object;Ljava/lang/Class;Lcom/sun/jna/Function;)V (186 bytes) @ 0x029a3a20 [0x029a3410+0x610]
J 1118 C1 org.ptolemy.fmi.FMIScalarVariable._getValue(Lcom/sun/jna/Pointer;Ljava/lang/Object;Ljava/lang/Class;)V (130 bytes) @ 0x029a27e0 [0x029a2450+0x390]
J 1112 C1 ecnu.modana.FmiDriver.FMUDriver.GetAllValue(Lorg/ptolemy/fmi/FMIModelDescription;Lcom/sun/jna/Pointer;)Ljava/lang/String; (266 bytes) @ 0x0299cfd8 [0x0299ccd0+0x308]
J 1311 C1 ecnu.modana.FmiDriver.CoSimulation.dtmcSimulate(Ljava/lang/String;Ljava/lang/String;Lorg/ptolemy/fmi/FMIModelDescription;DDZLjava/lang/String;)Lecnu/modana/Properties/Trace; (2342 bytes) @ 0x029f89f8 [0x029f3f20+0x4ad8]
j  ecnu.modana.FmiDriver.CoSimulation.simulateTrace(Ljava/lang/String;Ljava/lang/String;Lorg/ptolemy/fmi/FMIModelDescription;DDZCLjava/lang/String;)Lecnu/modana/Properties/Trace;+21
j  ecnu.modana.Properties.Trace.CosimulationTrace(Ljava/lang/String;Ljava/lang/String;Lorg/ptolemy/fmi/FMIModelDescription;DDI)Lecnu/modana/Properties/Trace;+31
j  ecnu.modana.Properties.PropertiesManager.verifier(Lecnu/modana/Properties/Properties;I)V+366
j  ecnu.modana.Properties.PropertiesUI$3$2.handle(Ljavafx/event/ActionEvent;)V+30
j  ecnu.modana.Properties.PropertiesUI$3$2.handle(Ljavafx/event/Event;)V+5
j  com.sun.javafx.event.CompositeEventHandler.dispatchBubblingEvent(Ljavafx/event/Event;)V+51
J 885 C1 com.sun.javafx.event.EventHandlerManager.dispatchBubblingEvent(Ljavafx/event/Event;)Ljavafx/event/Event; (23 bytes) @ 0x0294b8b8 [0x0294b7d0+0xe8]
J 978 C1 com.sun.javafx.event.BasicEventDispatcher.dispatchEvent(Ljavafx/event/Event;Ljavafx/event/EventDispatchChain;)Ljavafx/event/Event; (44 bytes) @ 0x029608b8 [0x02960830+0x88]
J 894 C1 com.sun.javafx.event.EventDispatchChainImpl.dispatchEvent(Ljavafx/event/Event;)Ljavafx/event/Event; (101 bytes) @ 0x0294cddc [0x0294cd50+0x8c]
j  com.sun.javafx.event.EventUtil.fireEventImpl(Ljavafx/event/EventDispatchChain;Ljavafx/event/EventTarget;Ljavafx/event/Event;)Ljavafx/event/Event;+10
j  com.sun.javafx.event.EventUtil.fireEvent(Ljavafx/event/EventTarget;Ljavafx/event/Event;)Ljavafx/event/Event;+37
j  javafx.event.Event.fireEvent(Ljavafx/event/EventTarget;Ljavafx/event/Event;)V+30
j  javafx.scene.control.MenuItem.fire()V+10
j  com.sun.javafx.scene.control.skin.ContextMenuContent$MenuItemContainer.doSelect()V+97
j  com.sun.javafx.scene.control.skin.ContextMenuContent$MenuItemContainer.lambda$createChildren$343(Ljavafx/scene/input/MouseEvent;)V+1
j  com.sun.javafx.scene.control.skin.ContextMenuContent$MenuItemContainer$$Lambda$251.handle(Ljavafx/event/Event;)V+8
j  com.sun.javafx.event.CompositeEventHandler$NormalEventHandlerRecord.handleBubblingEvent(Ljavafx/event/Event;)V+5
j  com.sun.javafx.event.CompositeEventHandler.dispatchBubblingEvent(Ljavafx/event/Event;)V+28
J 885 C1 com.sun.javafx.event.EventHandlerManager.dispatchBubblingEvent(Ljavafx/event/Event;)Ljavafx/event/Event; (23 bytes) @ 0x0294b8b8 [0x0294b7d0+0xe8]
J 897 C1 com.sun.javafx.event.CompositeEventDispatcher.dispatchBubblingEvent(Ljavafx/event/Event;)Ljavafx/event/Event; (35 bytes) @ 0x0294d628 [0x0294d5e0+0x48]
J 978 C1 com.sun.javafx.event.BasicEventDispatcher.dispatchEvent(Ljavafx/event/Event;Ljavafx/event/EventDispatchChain;)Ljavafx/event/Event; (44 bytes) @ 0x029608b8 [0x02960830+0x88]
J 894 C1 com.sun.javafx.event.EventDispatchChainImpl.dispatchEvent(Ljavafx/event/Event;)Ljavafx/event/Event; (101 bytes) @ 0x0294cddc [0x0294cd50+0x8c]
J 978 C1 com.sun.javafx.event.BasicEventDispatcher.dispatchEvent(Ljavafx/event/Event;Ljavafx/event/EventDispatchChain;)Ljavafx/event/Event; (44 bytes) @ 0x0296089c [0x02960830+0x6c]
J 894 C1 com.sun.javafx.event.EventDispatchChainImpl.dispatchEvent(Ljavafx/event/Event;)Ljavafx/event/Event; (101 bytes) @ 0x0294cddc [0x0294cd50+0x8c]
J 978 C1 com.sun.javafx.event.BasicEventDispatcher.dispatchEvent(Ljavafx/event/Event;Ljavafx/event/EventDispatchChain;)Ljavafx/event/Event; (44 bytes) @ 0x0296089c [0x02960830+0x6c]
J 894 C1 com.sun.javafx.event.EventDispatchChainImpl.dispatchEvent(Ljavafx/event/Event;)Ljavafx/event/Event; (101 bytes) @ 0x0294cddc [0x0294cd50+0x8c]
J 978 C1 com.sun.javafx.event.BasicEventDispatcher.dispatchEvent(Ljavafx/event/Event;Ljavafx/event/EventDispatchChain;)Ljavafx/event/Event; (44 bytes) @ 0x0296089c [0x02960830+0x6c]
J 894 C1 com.sun.javafx.event.EventDispatchChainImpl.dispatchEvent(Ljavafx/event/Event;)Ljavafx/event/Event; (101 bytes) @ 0x0294cddc [0x0294cd50+0x8c]
j  com.sun.javafx.event.EventUtil.fireEventImpl(Ljavafx/event/EventDispatchChain;Ljavafx/event/EventTarget;Ljavafx/event/Event;)Ljavafx/event/Event;+10
j  com.sun.javafx.event.EventUtil.fireEvent(Ljavafx/event/EventTarget;Ljavafx/event/Event;)Ljavafx/event/Event;+46
j  javafx.event.Event.fireEvent(Ljavafx/event/EventTarget;Ljavafx/event/Event;)V+30
j  javafx.scene.Scene$MouseHandler.process(Ljavafx/scene/input/MouseEvent;Z)V+491
j  javafx.scene.Scene$MouseHandler.access$1500(Ljavafx/scene/Scene$MouseHandler;Ljavafx/scene/input/MouseEvent;Z)V+3
j  javafx.scene.Scene.impl_processMouseEvent(Ljavafx/scene/input/MouseEvent;)V+6
j  javafx.scene.Scene$ScenePeerListener.mouseEvent(Ljavafx/event/EventType;DDDDLjavafx/scene/input/MouseButton;ZZZZZZZZZ)V+46
j  com.sun.javafx.tk.quantum.GlassViewEventHandler$MouseEventNotification.run()Ljava/lang/Void;+476
j  com.sun.javafx.tk.quantum.GlassViewEventHandler$MouseEventNotification.run()Ljava/lang/Object;+1
v  ~StubRoutines::call_stub
J 1009  java.security.AccessController.doPrivileged(Ljava/security/PrivilegedAction;Ljava/security/AccessControlContext;)Ljava/lang/Object; (0 bytes) @ 0x02967b07 [0x02967aa0+0x67]
j  com.sun.javafx.tk.quantum.GlassViewEventHandler.lambda$handleMouseEvent$355()Ljava/lang/Void;+11
j  com.sun.javafx.tk.quantum.GlassViewEventHandler$$Lambda$236.get()Ljava/lang/Object;+4
j  com.sun.javafx.tk.quantum.QuantumToolkit.runWithoutRenderLock(Ljava/util/function/Supplier;)Ljava/lang/Object;+18
j  com.sun.javafx.tk.quantum.GlassViewEventHandler.handleMouseEvent(Lcom/sun/glass/ui/View;JIIIIIIIZZ)V+103
j  com.sun.glass.ui.View.handleMouseEvent(JIIIIIIIZZ)V+30
j  com.sun.glass.ui.View.notifyMouse(IIIIIIIZZ)V+181
v  ~StubRoutines::call_stub
j  com.sun.glass.ui.win.WinApplication._runLoop(Ljava/lang/Runnable;)V+0
j  com.sun.glass.ui.win.WinApplication.lambda$null$149(ILjava/lang/Runnable;)V+8
j  com.sun.glass.ui.win.WinApplication$$Lambda$40.run()V+12
j  java.lang.Thread.run()V+11
v  ~StubRoutines::call_stub

---------------  P R O C E S S  ---------------

Java Threads: ( => current thread )
  0x1660f400 JavaThread "Prism Font Disposer" daemon [_thread_blocked, id=20500, stack(0x1e880000,0x1e8d0000)]
  0x164d4400 JavaThread "Thread-3" daemon [_thread_in_native, id=15184, stack(0x1bb50000,0x1bba0000)]
=>0x164d0800 JavaThread "JavaFX Application Thread" [_thread_in_native, id=20704, stack(0x16cb0000,0x16d00000)]
  0x164b2400 JavaThread "Thread-2" daemon [_thread_blocked, id=20464, stack(0x16c50000,0x16ca0000)]
  0x16485c00 JavaThread "QuantumRenderer-0" daemon [_thread_blocked, id=11952, stack(0x15fb0000,0x16000000)]
  0x1647d800 JavaThread "JavaFX-Launcher" [_thread_blocked, id=20656, stack(0x15ea0000,0x15ef0000)]
  0x00460400 JavaThread "Service Thread" daemon [_thread_blocked, id=19700, stack(0x159f0000,0x15a40000)]
  0x00459c00 JavaThread "C1 CompilerThread0" daemon [_thread_blocked, id=20740, stack(0x15e10000,0x15e60000)]
  0x00458800 JavaThread "Attach Listener" daemon [_thread_blocked, id=21140, stack(0x15d00000,0x15d50000)]
  0x00455c00 JavaThread "Signal Dispatcher" daemon [_thread_blocked, id=20652, stack(0x15c10000,0x15c60000)]
  0x003e2800 JavaThread "Finalizer" daemon [_thread_blocked, id=2168, stack(0x15b30000,0x15b80000)]
  0x003ddc00 JavaThread "Reference Handler" daemon [_thread_blocked, id=20820, stack(0x15390000,0x153e0000)]
  0x002ccc00 JavaThread "main" [_thread_blocked, id=20732, stack(0x012b0000,0x01300000)]

Other Threads:
  0x003da800 VMThread [stack: 0x15290000,0x152e0000] [id=20436]
  0x0047b000 WatcherThread [stack: 0x15f40000,0x15f90000] [id=21124]

VM state:not at safepoint (normal execution)

VM Mutex/Monitor currently owned by a thread: None

Heap:
 def new generation   total 9536K, used 6469K [0x04800000, 0x05250000, 0x09d50000)
  eden space 8512K,  76% used [0x04800000, 0x04e51510, 0x05050000)
  from space 1024K,   0% used [0x05150000, 0x05150070, 0x05250000)
  to   space 1024K,   0% used [0x05050000, 0x05050000, 0x05150000)
 tenured generation   total 21056K, used 11448K [0x09d50000, 0x0b1e0000, 0x14800000)
   the space 21056K,  54% used [0x09d50000, 0x0a87e310, 0x0a87e400, 0x0b1e0000)
 Metaspace       used 10085K, capacity 10828K, committed 10880K, reserved 11648K

Card table byte_map: [0x01180000,0x01210000] byte_map_base: 0x0115c000

Polling page: 0x00110000

CodeCache: size=32768Kb used=3255Kb max_used=3255Kb free=29512Kb
 bounds [0x02770000, 0x02aa0000, 0x04770000]
 total_blobs=1969 nmethods=1536 adapters=362
 compilation: enabled

Compilation events (10 events):
Event: 151.702 Thread 0x00459c00 1547             com.sun.jna.CallbackReference::<init> (583 bytes)
Event: 151.704 Thread 0x00459c00 nmethod 1547 0x02a97948 code [0x02a97d10, 0x02a99654]
Event: 152.989 Thread 0x00459c00 1548  s          java.util.Hashtable::get (69 bytes)
Event: 152.990 Thread 0x00459c00 nmethod 1548 0x02a9adc8 code [0x02a9aef0, 0x02a9b1b8]
Event: 152.990 Thread 0x00459c00 1549             java.util.regex.Pattern::newSlice (181 bytes)
Event: 152.990 Thread 0x00459c00 nmethod 1549 0x02a9b348 code [0x02a9b500, 0x02a9ba5c]
Event: 167.998 Thread 0x00459c00 1550             java.util.regex.Pattern$Single::<init> (11 bytes)
Event: 167.998 Thread 0x00459c00 nmethod 1550 0x02a9c008 code [0x02a9c100, 0x02a9c190]
Event: 172.984 Thread 0x00459c00 1551   !         com.sun.jna.Native::getNativeSize (182 bytes)
Event: 172.985 Thread 0x00459c00 nmethod 1551 0x02a9c1c8 code [0x02a9c4a0, 0x02a9d6b8]

GC Heap History (10 events):
Event: 174.163 GC heap before
{Heap before GC invocations=3666 (full 13):
 def new generation   total 9536K, used 9020K [0x04800000, 0x05250000, 0x09d50000)
  eden space 8512K, 100% used [0x04800000, 0x05050000, 0x05050000)
  from space 1024K,  49% used [0x05050000, 0x050cf298, 0x05150000)
  to   space 1024K,   0% used [0x05150000, 0x05150000, 0x05250000)
 tenured generation   total 21056K, used 21043K [0x09d50000, 0x0b1e0000, 0x14800000)
   the space 21056K,  99% used [0x09d50000, 0x0b1dcc10, 0x0b1dce00, 0x0b1e0000)
 Metaspace       used 10085K, capacity 10828K, committed 10880K, reserved 11648K
Event: 174.164 GC heap after
Heap after GC invocations=3667 (full 13):
 def new generation   total 9536K, used 508K [0x04800000, 0x05250000, 0x09d50000)
  eden space 8512K,   0% used [0x04800000, 0x04800000, 0x05050000)
  from space 1024K,  49% used [0x05150000, 0x051cf298, 0x05250000)
  to   space 1024K,   0% used [0x05050000, 0x05050000, 0x05150000)
 tenured generation   total 21056K, used 21043K [0x09d50000, 0x0b1e0000, 0x14800000)
   the space 21056K,  99% used [0x09d50000, 0x0b1dcc10, 0x0b1dce00, 0x0b1e0000)
 Metaspace       used 10085K, capacity 10828K, committed 10880K, reserved 11648K
}
Event: 174.183 GC heap before
{Heap before GC invocations=3667 (full 13):
 def new generation   total 9536K, used 9020K [0x04800000, 0x05250000, 0x09d50000)
  eden space 8512K, 100% used [0x04800000, 0x05050000, 0x05050000)
  from space 1024K,  49% used [0x05150000, 0x051cf298, 0x05250000)
  to   space 1024K,   0% used [0x05050000, 0x05050000, 0x05150000)
 tenured generation   total 21056K, used 21043K [0x09d50000, 0x0b1e0000, 0x14800000)
   the space 21056K,  99% used [0x09d50000, 0x0b1dcc10, 0x0b1dce00, 0x0b1e0000)
 Metaspace       used 10085K, capacity 10828K, committed 10880K, reserved 11648K
Event: 174.184 GC heap after
Heap after GC invocations=3668 (full 13):
 def new generation   total 9536K, used 508K [0x04800000, 0x05250000, 0x09d50000)
  eden space 8512K,   0% used [0x04800000, 0x04800000, 0x05050000)
  from space 1024K,  49% used [0x05050000, 0x050cf298, 0x05150000)
  to   space 1024K,   0% used [0x05150000, 0x05150000, 0x05250000)
 tenured generation   total 21056K, used 21043K [0x09d50000, 0x0b1e0000, 0x14800000)
   the space 21056K,  99% used [0x09d50000, 0x0b1dcc10, 0x0b1dce00, 0x0b1e0000)
 Metaspace       used 10085K, capacity 10828K, committed 10880K, reserved 11648K
}
Event: 174.203 GC heap before
{Heap before GC invocations=3668 (full 13):
 def new generation   total 9536K, used 9020K [0x04800000, 0x05250000, 0x09d50000)
  eden space 8512K, 100% used [0x04800000, 0x05050000, 0x05050000)
  from space 1024K,  49% used [0x05050000, 0x050cf298, 0x05150000)
  to   space 1024K,   0% used [0x05150000, 0x05150000, 0x05250000)
 tenured generation   total 21056K, used 21043K [0x09d50000, 0x0b1e0000, 0x14800000)
   the space 21056K,  99% used [0x09d50000, 0x0b1dcc10, 0x0b1dce00, 0x0b1e0000)
 Metaspace       used 10085K, capacity 10828K, committed 10880K, reserved 11648K
Event: 174.229 GC heap after
Heap after GC invocations=3669 (full 14):
 def new generation   total 9536K, used 0K [0x04800000, 0x05250000, 0x09d50000)
  eden space 8512K,   0% used [0x04800000, 0x04800000, 0x05050000)
  from space 1024K,   0% used [0x05150000, 0x05150000, 0x05250000)
  to   space 1024K,   0% used [0x05050000, 0x05050000, 0x05150000)
 tenured generation   total 21056K, used 11448K [0x09d50000, 0x0b1e0000, 0x14800000)
   the space 21056K,  54% used [0x09d50000, 0x0a87e310, 0x0a87e400, 0x0b1e0000)
 Metaspace       used 10085K, capacity 10828K, committed 10880K, reserved 11648K
}
Event: 174.248 GC heap before
{Heap before GC invocations=3669 (full 14):
 def new generation   total 9536K, used 8512K [0x04800000, 0x05250000, 0x09d50000)
  eden space 8512K, 100% used [0x04800000, 0x05050000, 0x05050000)
  from space 1024K,   0% used [0x05150000, 0x05150000, 0x05250000)
  to   space 1024K,   0% used [0x05050000, 0x05050000, 0x05150000)
 tenured generation   total 21056K, used 11448K [0x09d50000, 0x0b1e0000, 0x14800000)
   the space 21056K,  54% used [0x09d50000, 0x0a87e310, 0x0a87e400, 0x0b1e0000)
 Metaspace       used 10085K, capacity 10828K, committed 10880K, reserved 11648K
Event: 174.249 GC heap after
Heap after GC invocations=3670 (full 14):
 def new generation   total 9536K, used 0K [0x04800000, 0x05250000, 0x09d50000)
  eden space 8512K,   0% used [0x04800000, 0x04800000, 0x05050000)
  from space 1024K,   0% used [0x05050000, 0x05050090, 0x05150000)
  to   space 1024K,   0% used [0x05150000, 0x05150000, 0x05250000)
 tenured generation   total 21056K, used 11448K [0x09d50000, 0x0b1e0000, 0x14800000)
   the space 21056K,  54% used [0x09d50000, 0x0a87e310, 0x0a87e400, 0x0b1e0000)
 Metaspace       used 10085K, capacity 10828K, committed 10880K, reserved 11648K
}
Event: 174.268 GC heap before
{Heap before GC invocations=3670 (full 14):
 def new generation   total 9536K, used 8512K [0x04800000, 0x05250000, 0x09d50000)
  eden space 8512K, 100% used [0x04800000, 0x05050000, 0x05050000)
  from space 1024K,   0% used [0x05050000, 0x05050090, 0x05150000)
  to   space 1024K,   0% used [0x05150000, 0x05150000, 0x05250000)
 tenured generation   total 21056K, used 11448K [0x09d50000, 0x0b1e0000, 0x14800000)
   the space 21056K,  54% used [0x09d50000, 0x0a87e310, 0x0a87e400, 0x0b1e0000)
 Metaspace       used 10085K, capacity 10828K, committed 10880K, reserved 11648K
Event: 174.268 GC heap after
Heap after GC invocations=3671 (full 14):
 def new generation   total 9536K, used 0K [0x04800000, 0x05250000, 0x09d50000)
  eden space 8512K,   0% used [0x04800000, 0x04800000, 0x05050000)
  from space 1024K,   0% used [0x05150000, 0x05150070, 0x05250000)
  to   space 1024K,   0% used [0x05050000, 0x05050000, 0x05150000)
 tenured generation   total 21056K, used 11448K [0x09d50000, 0x0b1e0000, 0x14800000)
   the space 21056K,  54% used [0x09d50000, 0x0a87e310, 0x0a87e400, 0x0b1e0000)
 Metaspace       used 10085K, capacity 10828K, committed 10880K, reserved 11648K
}

Deoptimization events (0 events):
No events

Internal exceptions (10 events):
Event: 0.082 Thread 0x002ccc00 Exception <a 'java/lang/ClassNotFoundException': org/apache/log4j/LayoutCustomizer> (0x04a58588) thrown at [D:\re\puppet\workspace\8-2-build-windows-i586-cygwin\jdk8u60\4407\hotspot\src\share\vm\classfile\systemDictionary.cpp, line 210]
Event: 0.083 Thread 0x002ccc00 Exception <a 'java/lang/ClassNotFoundException': org/apache/log4j/PatternLayoutCustomizer> (0x04a69978) thrown at [D:\re\puppet\workspace\8-2-build-windows-i586-cygwin\jdk8u60\4407\hotspot\src\share\vm\classfile\systemDictionary.cpp, line 210]
Event: 0.234 Thread 0x002ccc00 Exception <a 'java/lang/NoSuchFieldError': method resolution failed> (0x04801858) thrown at [D:\re\puppet\workspace\8-2-build-windows-i586-cygwin\jdk8u60\4407\hotspot\src\share\vm\prims\methodHandles.cpp, line 1146]
Event: 0.235 Thread 0x002ccc00 Exception <a 'java/lang/NoSuchFieldError': method resolution failed> (0x0480da80) thrown at [D:\re\puppet\workspace\8-2-build-windows-i586-cygwin\jdk8u60\4407\hotspot\src\share\vm\prims\methodHandles.cpp, line 1146]
Event: 0.243 Thread 0x1647d800 Exception <a 'java/lang/NullPointerException'> (0x0489ff50) thrown at [D:\re\puppet\workspace\8-2-build-windows-i586-cygwin\jdk8u60\4407\hotspot\src\share\vm\interpreter\linkResolver.cpp, line 1178]
Event: 0.435 Thread 0x164d0800 Exception <a 'java/lang/NullPointerException'> (0x0499bee0) thrown at [D:\re\puppet\workspace\8-2-build-windows-i586-cygwin\jdk8u60\4407\hotspot\src\share\vm\interpreter\linkResolver.cpp, line 1178]
Event: 0.435 Thread 0x164d0800 Exception <a 'java/lang/NullPointerException'> (0x0499bee0) thrown at [D:\re\puppet\workspace\8-2-build-windows-i586-cygwin\jdk8u60\4407\hotspot\src\share\vm\prims\jvm.cpp, line 1390]
Event: 18.122 Thread 0x164d0800 Implicit null exception at 0x0294fea1 to 0x0294ff06
Event: 58.337 Thread 0x164d0800 Exception <a 'java/io/FileNotFoundException'> (0x0495a8b8) thrown at [D:\re\puppet\workspace\8-2-build-windows-i586-cygwin\jdk8u60\4407\hotspot\src\share\vm\prims\jni.cpp, line 709]
Event: 58.361 Thread 0x164d0800 Exception <a 'java/lang/NullPointerException'> (0x049f1f40) thrown at [D:\re\puppet\workspace\8-2-build-windows-i586-cygwin\jdk8u60\4407\hotspot\src\share\vm\interpreter\linkResolver.cpp, line 1178]

Events (10 events):
Event: 174.163 Executing VM operation: GenCollectForAllocation
Event: 174.164 Executing VM operation: GenCollectForAllocation done
Event: 174.183 Executing VM operation: GenCollectForAllocation
Event: 174.184 Executing VM operation: GenCollectForAllocation done
Event: 174.203 Executing VM operation: GenCollectForAllocation
Event: 174.229 Executing VM operation: GenCollectForAllocation done
Event: 174.248 Executing VM operation: GenCollectForAllocation
Event: 174.249 Executing VM operation: GenCollectForAllocation done
Event: 174.268 Executing VM operation: GenCollectForAllocation
Event: 174.268 Executing VM operation: GenCollectForAllocation done


Dynamic libraries:
0x01330000 - 0x01363000 	D:\ProgramFiles\java\jre32\bin\javaw.exe
0x776c0000 - 0x77840000 	C:\Windows\SysWOW64\ntdll.dll
0x76860000 - 0x76960000 	C:\Windows\syswow64\kernel32.dll
0x75640000 - 0x75686000 	C:\Windows\syswow64\KERNELBASE.dll
0x766c0000 - 0x76760000 	C:\Windows\syswow64\ADVAPI32.dll
0x77070000 - 0x7711c000 	C:\Windows\syswow64\msvcrt.dll
0x77150000 - 0x77169000 	C:\Windows\SysWOW64\sechost.dll
0x76760000 - 0x76850000 	C:\Windows\syswow64\RPCRT4.dll
0x75230000 - 0x75290000 	C:\Windows\syswow64\SspiCli.dll
0x75220000 - 0x7522c000 	C:\Windows\syswow64\CRYPTBASE.dll
0x77170000 - 0x77270000 	C:\Windows\syswow64\USER32.dll
0x76db0000 - 0x76e40000 	C:\Windows\syswow64\GDI32.dll
0x76580000 - 0x7658a000 	C:\Windows\syswow64\LPK.dll
0x76960000 - 0x769fd000 	C:\Windows\syswow64\USP10.dll
0x72250000 - 0x723ee000 	C:\Windows\WinSxS\x86_microsoft.windows.common-controls_6595b64144ccf1df_6.0.7600.16385_none_421189da2b7fabfc\COMCTL32.dll
0x76660000 - 0x766b7000 	C:\Windows\syswow64\SHLWAPI.dll
0x76ed0000 - 0x76f30000 	C:\Windows\system32\IMM32.DLL
0x76590000 - 0x7665c000 	C:\Windows\syswow64\MSCTF.dll
0x6c9d0000 - 0x6ca8f000 	D:\ProgramFiles\java\jre32\bin\msvcr100.dll
0x6d070000 - 0x6d435000 	D:\ProgramFiles\java\jre32\bin\client\jvm.dll
0x70380000 - 0x70387000 	C:\Windows\system32\WSOCK32.dll
0x76cf0000 - 0x76d25000 	C:\Windows\syswow64\WS2_32.dll
0x77690000 - 0x77696000 	C:\Windows\syswow64\NSI.dll
0x74950000 - 0x74982000 	C:\Windows\system32\WINMM.dll
0x75150000 - 0x75159000 	C:\Windows\system32\VERSION.dll
0x76850000 - 0x76855000 	C:\Windows\syswow64\PSAPI.DLL
0x71070000 - 0x7107c000 	D:\ProgramFiles\java\jre32\bin\verify.dll
0x6c8d0000 - 0x6c8f1000 	D:\ProgramFiles\java\jre32\bin\java.dll
0x6cdd0000 - 0x6cde3000 	D:\ProgramFiles\java\jre32\bin\zip.dll
0x75930000 - 0x76579000 	C:\Windows\syswow64\SHELL32.dll
0x76b80000 - 0x76cdc000 	C:\Windows\syswow64\ole32.dll
0x74d10000 - 0x74d1b000 	C:\Windows\system32\profapi.dll
0x6bce0000 - 0x6bdce000 	D:\ProgramFiles\java\jre32\bin\msvcr120.dll
0x6c850000 - 0x6c8c1000 	D:\ProgramFiles\java\jre32\bin\msvcp120.dll
0x6d750000 - 0x6d76f000 	D:\ProgramFiles\java\jre32\bin\prism_d3d.dll
0x5ad70000 - 0x5af33000 	C:\Windows\system32\d3d9.dll
0x67370000 - 0x67376000 	C:\Windows\system32\d3d8thk.dll
0x6ded0000 - 0x6dee3000 	C:\Windows\system32\dwmapi.dll
0x6e690000 - 0x6e710000 	C:\Windows\system32\uxtheme.dll
0x627e0000 - 0x63409000 	C:\Windows\system32\nvd3dum.dll
0x6bca0000 - 0x6bcd3000 	D:\ProgramFiles\java\jre32\bin\glass.dll
0x76d30000 - 0x76dab000 	C:\Windows\syswow64\COMDLG32.dll
0x76e40000 - 0x76ecf000 	C:\Windows\syswow64\OLEAUT32.dll
0x70ce0000 - 0x70d2b000 	C:\Windows\system32\apphelp.dll
0x16d00000 - 0x171fb000 	C:\Windows\system32\SOGOUPY.IME
0x72240000 - 0x72245000 	C:\Windows\system32\MSIMG32.dll
0x72100000 - 0x7213c000 	C:\Windows\system32\OLEACC.dll
0x750c0000 - 0x750e1000 	C:\Windows\system32\ntmarta.dll
0x76a00000 - 0x76a45000 	C:\Windows\syswow64\WLDAP32.dll
0x6db50000 - 0x6dcdc000 	C:\Program Files (x86)\SogouInput\Components\PicFace\1.0.0.1394\PicFace.dll
0x69640000 - 0x69665000 	C:\Windows\system32\powrprof.dll
0x75380000 - 0x7551d000 	C:\Windows\syswow64\SETUPAPI.dll
0x77270000 - 0x77297000 	C:\Windows\syswow64\CFGMGR32.dll
0x772a0000 - 0x772b2000 	C:\Windows\syswow64\DEVOBJ.dll
0x5a920000 - 0x5a9e0000 	C:\Program Files (x86)\NVIDIA Corporation\3D Vision\nvSCPAPI.dll
0x6dfc0000 - 0x6dfce000 	C:\Users\Ljf\AppData\Local\Youdao\Dict\Application\6.3.68.1111\WordStrokeHelper32.dll
0x6bc80000 - 0x6bc91000 	D:\ProgramFiles\java\jre32\bin\javafx_font.dll
0x5e940000 - 0x5ea49000 	C:\Windows\system32\dwrite.dll
0x75690000 - 0x75713000 	C:\Windows\syswow64\CLBCatQ.DLL
0x6a300000 - 0x6a3fb000 	C:\Windows\system32\WindowsCodecs.dll
0x62790000 - 0x627df000 	C:\Users\Ljf\AppData\Roaming\ytmediacenter\report.dll
0x70ff0000 - 0x71059000 	C:\Users\Ljf\AppData\Roaming\ytmediacenter\MSVCP100.dll
0x74b10000 - 0x74b2c000 	C:\Windows\system32\IPHLPAPI.DLL
0x74b00000 - 0x74b07000 	C:\Windows\system32\WINNSI.DLL
0x76a50000 - 0x76b44000 	C:\Windows\syswow64\WININET.dll
0x75720000 - 0x75723000 	C:\Windows\syswow64\Normaliz.dll
0x76f30000 - 0x77065000 	C:\Windows\syswow64\urlmon.dll
0x75520000 - 0x7563c000 	C:\Windows\syswow64\CRYPT32.dll
0x76ce0000 - 0x76cec000 	C:\Windows\syswow64\MSASN1.dll
0x75730000 - 0x75929000 	C:\Windows\syswow64\iertutil.dll
0x62730000 - 0x62787000 	C:\Users\Ljf\AppData\Roaming\ytmediacenter\coreplay.dll
0x639d0000 - 0x63a01000 	C:\Windows\system32\EhStorShell.dll
0x72140000 - 0x72235000 	C:\Windows\system32\PROPSYS.dll
0x5fa00000 - 0x5fe0b000 	C:\PROGRA~2\MICROS~4\Office14\GROOVEEX.DLL
0x71110000 - 0x711b3000 	C:\Windows\WinSxS\x86_microsoft.vc90.crt_1fc8b3b9a1e18e3b_9.0.30729.4926_none_508ed732bcbc0e5a\MSVCR90.dll
0x70d30000 - 0x70dbe000 	C:\Windows\WinSxS\x86_microsoft.vc90.crt_1fc8b3b9a1e18e3b_9.0.30729.4926_none_508ed732bcbc0e5a\MSVCP90.dll
0x67e40000 - 0x67e6b000 	C:\Windows\WinSxS\x86_microsoft.vc90.atl_1fc8b3b9a1e18e3b_9.0.30729.4148_none_51ca66a2bbe76806\ATL90.DLL
0x5fe10000 - 0x6021f000 	C:\PROGRA~2\COMMON~1\MICROS~1\OFFICE14\Cultures\office.odf
0x5f1f0000 - 0x5f9ff000 	C:\PROGRA~2\MICROS~4\Office14\2052\GrooveIntlResource.dll
0x5f110000 - 0x5f17f000 	C:\Windows\system32\ntshrui.dll
0x74bd0000 - 0x74be9000 	C:\Windows\system32\srvcli.dll
0x6e3f0000 - 0x6e3fb000 	C:\Windows\system32\cscapi.dll
0x6ac10000 - 0x6ac1a000 	C:\Windows\system32\slc.dll
0x63a10000 - 0x63a31000 	C:\Program Files (x86)\Common Files\Microsoft Shared\Ink\rtscom.dll
0x1e620000 - 0x1e6fd000 	C:\Program Files (x86)\SogouInput\7.8.0.7199\Resource.dll
0x71090000 - 0x7109f000 	D:\ProgramFiles\java\jre32\bin\prism_common.dll
0x5bc90000 - 0x5bd5f000 	C:\Windows\system32\d2d1.dll
0x70f10000 - 0x70f26000 	C:\Windows\system32\CRYPTSP.dll
0x70ed0000 - 0x70f0b000 	C:\Windows\system32\rsaenh.dll
0x74d20000 - 0x74d37000 	C:\Windows\system32\USERENV.dll
0x70fd0000 - 0x70fe5000 	D:\ProgramFiles\java\jre32\bin\net.dll
0x724e0000 - 0x7251c000 	C:\Windows\system32\mswsock.dll
0x70c80000 - 0x70c86000 	C:\Windows\System32\wship6.dll
0x72520000 - 0x7252d000 	C:\Windows\system32\dhcpcsvc6.DLL
0x74830000 - 0x74842000 	C:\Windows\system32\dhcpcsvc.DLL
0x71080000 - 0x7108f000 	D:\ProgramFiles\java\jre32\bin\nio.dll
0x561f0000 - 0x56335000 	D:\ProgramFiles\java\jre32\bin\awt.dll
0x19880000 - 0x198bd000 	C:\Users\Ljf\AppData\Local\Temp\jna-Ljf\jna3038147483591704988.dll
0x20f40000 - 0x210c6000 	C:\Users\Ljf\AppData\Local\Temp\FMUFile7199989378046452805.tmp\binaries\win32\MyBouncingBall.dll
0x71290000 - 0x7137b000 	C:\Windows\system32\dbghelp.dll

VM Arguments:
jvm_args: -Dfile.encoding=UTF-8 
java_command: ecnu.modana.Modana -mui
java_class_path (initial): D:\WorkSpace\Java\win32\modana\bin;D:\WorkSpace\Java\win32\modana\libs\log4j-1.2.17.jar;D:\WorkSpace\Java\win32\modana\libs\dom4j-1.6.1.jar;D:\WorkSpace\Java\win32\modana\libs\org.eclipse.emf_2.6.0.v20140901-1055.jar;D:\WorkSpace\Java\win32\modana\libs\org.eclipse.emf.common_2.10.1.v20140901-1043.jar;D:\WorkSpace\Java\win32\modana\libs\org.eclipse.emf.ecore_2.10.1.v20140901-1043.jar;D:\WorkSpace\Java\win32\modana\libs\org.eclipse.emf.ecore.xmi_2.10.1.v20140901-1043.jar;D:\WorkSpace\Java\win32\modana\libs\fmi.jar;D:\WorkSpace\Java\win32\modana\libs\jna.jar
Launcher Type: SUN_STANDARD

Environment Variables:
PATH=C:/Program Files (x86)/Java/jdk32/jre32/bin/client;C:/Program Files (x86)/Java/jdk32/jre32/bin;C:/Program Files (x86)/Java/jdk32/jre32/lib/i386;C:\ProgramData\Oracle\Java\javapath;C:\Windows\system32;C:\Windows;C:\Windows\System32\Wbem;C:\Windows\System32\WindowsPowerShell\v1.0\;C:\Program Files (x86)\NVIDIA Corporation\PhysX\Common;C:\Windows\SysWOW64;C:\Program Files (x86)\Java\jdk32\bin;C:\Program Files (x86)\Java\jdk32\jre\bin;D:\ProgramFiles\MinGW;D:\ProgramFiles\MinGW\mingw32\bin;D:\ProgramFiles\Cygwin64;D:\ProgramFiles\CTEX\UserData\miktex\bin;D:\ProgramFiles\CTEX\MiKTeX\miktex\bin;D:\ProgramFiles\CTEX\CTeX\ctex\bin;D:\ProgramFiles\CTEX\CTeX\cct\bin;D:\ProgramFiles\CTEX\CTeX\ty\bin;D:\ProgramFiles\CTEX\Ghostscript\gs9.05\bin;D:\ProgramFiles\CTEX\GSview\gsview;D:\ProgramFiles\CTEX\WinEdt;E:\postGraduate\¹¤¾ß\eclipse-automotive-win32\eclipse;
USERNAME=Ljf
OS=Windows_NT
PROCESSOR_IDENTIFIER=Intel64 Family 6 Model 60 Stepping 3, GenuineIntel



---------------  S Y S T E M  ---------------

OS: Windows 7 , 64 bit Build 7600 (6.1.7600.16385)

CPU:total 8 (4 cores per cpu, 2 threads per core) family 6 model 60 stepping 3, cmov, cx8, fxsr, mmx, sse, sse2, sse3, ssse3, sse4.1, sse4.2, popcnt, aes, clmul, erms, lzcnt, ht, tsc, tscinvbit, bmi1, bmi2

Memory: 4k page, physical 8334184k(1226136k free), swap 16666472k(4897680k free)

vm_info: Java HotSpot(TM) Client VM (25.60-b23) for windows-x86 JRE (1.8.0_60-b27), built on Aug  4 2015 10:57:40 by "java_re" with MS VC++ 10.0 (VS2010)

time: Sun Dec 20 22:16:32 2015
elapsed time: 174 seconds (0d 0h 2m 54s)

