#
# A fatal error has been detected by the Java Runtime Environment:
#
#  EXCEPTION_ACCESS_VIOLATION (0xc0000005) at pc=0x6328723a, pid=1808, tid=5196
#
# JRE version: Java(TM) SE Runtime Environment (8.0_60-b27) (build 1.8.0_60-b27)
# Java VM: Java HotSpot(TM) Client VM (25.60-b23 mixed mode, sharing windows-x86 )
# Problematic frame:
# C  [MyBouncingBall.dll+0x723a]
#
# Failed to write core dump. Minidumps are not enabled by default on client versions of Windows
#
# If you would like to submit a bug report, please visit:
#   http://bugreport.java.com/bugreport/crash.jsp
# The crash happened outside the Java Virtual Machine in native code.
# See problematic frame for where to report the bug.
#

---------------  T H R E A D  ---------------

Current thread (0x162b1000):  JavaThread "JavaFX Application Thread" [_thread_in_native, id=5196, stack(0x16b80000,0x16bd0000)]

siginfo: ExceptionCode=0xc0000005, reading address 0x002df7e8

Registers:
EAX=0x002df7e8, EBX=0x00000000, ECX=0x00000001, EDX=0x164d71c0
ESP=0x16bcd57c, EBP=0x164d71a0, ESI=0x164d71c0, EDI=0x63281678
EIP=0x6328723a, EFLAGS=0x00010206

Top of Stack: (sp=0x16bcd57c)
0x16bcd57c:   6329fa29 63281678 16bcd69c 16bcd5d8
0x16bcd58c:   1e80d0c4 16bcd5f4 16bcd728 00000004
0x16bcd59c:   00000000 00000001 16bcdd24 16bcd5e0
0x16bcd5ac:   63284643 63281678 164d71c0 00000001
0x16bcd5bc:   164d71a0 00000000 16bcd5f8 5aae6db3
0x16bcd5cc:   63281821 63281678 164d71c0 00000001
0x16bcd5dc:   164d71a0 16bcd5f8 1e80dc25 63281678
0x16bcd5ec:   164d71c0 00000001 164d71a0 16bcd668 

Instructions: (pc=0x6328723a)
0x6328721a:   8b 40 0c 8b 50 0c 8b 44 24 14 89 10 31 c0 c3 b8
0x6328722a:   ff ff ff ff c3 90 8b 44 24 04 8b 80 a4 01 00 00
0x6328723a:   8b 00 c3 8d 76 00 8b 44 24 04 8b 80 a8 01 00 00
0x6328724a:   8b 00 c3 8d 76 00 8b 44 24 04 8b 88 a4 01 00 00 


Register to memory mapping:

EAX=0x002df7e8 is an unknown value
EBX=0x00000000 is an unknown value
ECX=0x00000001 is an unknown value
EDX=0x164d71c0 is an unknown value
ESP=0x16bcd57c is pointing into the stack for thread: 0x162b1000
EBP=0x164d71a0 is an unknown value
ESI=0x164d71c0 is an unknown value
EDI=0x63281678 is an unknown value


Stack: [0x16b80000,0x16bd0000],  sp=0x16bcd57c,  free space=309k
Native frames: (J=compiled Java code, j=interpreted, Vv=VM code, C=native code)
C  [MyBouncingBall.dll+0x723a]

Java frames: (J=compiled Java code, j=interpreted, Vv=VM code)
j  com.sun.jna.Native.invokeInt(JI[Ljava/lang/Object;)I+0
j  com.sun.jna.Function.invoke([Ljava/lang/Object;Ljava/lang/Class;Z)Ljava/lang/Object;+333
J 1327 C1 com.sun.jna.Function.invoke(Ljava/lang/Class;[Ljava/lang/Object;Ljava/util/Map;)Ljava/lang/Object; (526 bytes) @ 0x02a35294 [0x02a34e10+0x484]
j  com.sun.jna.Function.invoke(Ljava/lang/Class;[Ljava/lang/Object;)Ljava/lang/Object;+7
j  com.sun.jna.Function.invokeInt([Ljava/lang/Object;)I+23
j  org.ptolemy.fmi.FMIScalarVariable._getOrSetValue(Lcom/sun/jna/Pointer;Ljava/lang/Object;Ljava/lang/Class;Lcom/sun/jna/Function;)V+116
j  org.ptolemy.fmi.FMIScalarVariable._getValue(Lcom/sun/jna/Pointer;Ljava/lang/Object;Ljava/lang/Class;)V+123
j  org.ptolemy.fmi.FMIScalarVariable.getDouble(Lcom/sun/jna/Pointer;)D+60
j  ecnu.modana.FmiDriver.FMUDriver.GetValue(Lorg/ptolemy/fmi/FMIModelDescription;Ljava/lang/String;Lcom/sun/jna/Pointer;)Ljava/lang/Object;+64
j  ecnu.modana.FmiDriver.CoSimulation.simulate(Ljava/lang/String;Ljava/lang/String;Ljava/lang/String;DDZCLjava/lang/String;)Lecnu/modana/util/MyLineChart;+1693
j  ecnu.modana.model.PrismModel.CoSimulation(Ljava/lang/String;DDZLjava/lang/String;)Lecnu/modana/util/MyLineChart;+84
j  ecnu.modana.ui.ModanaUI$TextFieldTreeCellImpl$1.handle(Ljavafx/event/ActionEvent;)V+49
j  ecnu.modana.ui.ModanaUI$TextFieldTreeCellImpl$1.handle(Ljavafx/event/Event;)V+5
j  com.sun.javafx.event.CompositeEventHandler.dispatchBubblingEvent(Ljavafx/event/Event;)V+51
J 1234 C1 com.sun.javafx.event.EventHandlerManager.dispatchBubblingEvent(Ljavafx/event/Event;)Ljavafx/event/Event; (23 bytes) @ 0x02a0f6b8 [0x02a0f5d0+0xe8]
j  com.sun.javafx.event.BasicEventDispatcher.dispatchEvent(Ljavafx/event/Event;Ljavafx/event/EventDispatchChain;)Ljavafx/event/Event;+29
j  com.sun.javafx.event.EventDispatchChainImpl.dispatchEvent(Ljavafx/event/Event;)Ljavafx/event/Event;+69
j  com.sun.javafx.event.EventUtil.fireEventImpl(Ljavafx/event/EventDispatchChain;Ljavafx/event/EventTarget;Ljavafx/event/Event;)Ljavafx/event/Event;+10
j  com.sun.javafx.event.EventUtil.fireEvent(Ljavafx/event/EventTarget;Ljavafx/event/Event;)Ljavafx/event/Event;+37
j  javafx.event.Event.fireEvent(Ljavafx/event/EventTarget;Ljavafx/event/Event;)V+30
j  javafx.scene.control.MenuItem.fire()V+10
j  com.sun.javafx.scene.control.skin.ContextMenuContent$MenuItemContainer.doSelect()V+97
j  com.sun.javafx.scene.control.skin.ContextMenuContent$MenuItemContainer.lambda$createChildren$343(Ljavafx/scene/input/MouseEvent;)V+1
j  com.sun.javafx.scene.control.skin.ContextMenuContent$MenuItemContainer$$Lambda$254.handle(Ljavafx/event/Event;)V+8
j  com.sun.javafx.event.CompositeEventHandler$NormalEventHandlerRecord.handleBubblingEvent(Ljavafx/event/Event;)V+5
j  com.sun.javafx.event.CompositeEventHandler.dispatchBubblingEvent(Ljavafx/event/Event;)V+28
J 1234 C1 com.sun.javafx.event.EventHandlerManager.dispatchBubblingEvent(Ljavafx/event/Event;)Ljavafx/event/Event; (23 bytes) @ 0x02a0f6b8 [0x02a0f5d0+0xe8]
J 1245 C1 com.sun.javafx.event.CompositeEventDispatcher.dispatchBubblingEvent(Ljavafx/event/Event;)Ljavafx/event/Event; (35 bytes) @ 0x02a12ae8 [0x02a12aa0+0x48]
j  com.sun.javafx.event.BasicEventDispatcher.dispatchEvent(Ljavafx/event/Event;Ljavafx/event/EventDispatchChain;)Ljavafx/event/Event;+29
j  com.sun.javafx.event.EventDispatchChainImpl.dispatchEvent(Ljavafx/event/Event;)Ljavafx/event/Event;+69
j  com.sun.javafx.event.BasicEventDispatcher.dispatchEvent(Ljavafx/event/Event;Ljavafx/event/EventDispatchChain;)Ljavafx/event/Event;+17
j  com.sun.javafx.event.EventDispatchChainImpl.dispatchEvent(Ljavafx/event/Event;)Ljavafx/event/Event;+69
j  com.sun.javafx.event.BasicEventDispatcher.dispatchEvent(Ljavafx/event/Event;Ljavafx/event/EventDispatchChain;)Ljavafx/event/Event;+17
j  com.sun.javafx.event.EventDispatchChainImpl.dispatchEvent(Ljavafx/event/Event;)Ljavafx/event/Event;+69
j  com.sun.javafx.event.BasicEventDispatcher.dispatchEvent(Ljavafx/event/Event;Ljavafx/event/EventDispatchChain;)Ljavafx/event/Event;+17
j  com.sun.javafx.event.EventDispatchChainImpl.dispatchEvent(Ljavafx/event/Event;)Ljavafx/event/Event;+69
j  com.sun.javafx.event.EventUtil.fireEventImpl(Ljavafx/event/EventDispatchChain;Ljavafx/event/EventTarget;Ljavafx/event/Event;)Ljavafx/event/Event;+10
j  com.sun.javafx.event.EventUtil.fireEvent(Ljavafx/event/EventTarget;Ljavafx/event/Event;)Ljavafx/event/Event;+46
j  javafx.event.Event.fireEvent(Ljavafx/event/EventTarget;Ljavafx/event/Event;)V+30
j  javafx.scene.Scene$MouseHandler.process(Ljavafx/scene/input/MouseEvent;Z)V+491
j  javafx.scene.Scene$MouseHandler.access$1500(Ljavafx/scene/Scene$MouseHandler;Ljavafx/scene/input/MouseEvent;Z)V+3
j  javafx.scene.Scene.impl_processMouseEvent(Ljavafx/scene/input/MouseEvent;)V+6
j  javafx.scene.Scene$ScenePeerListener.mouseEvent(Ljavafx/event/EventType;DDDDLjavafx/scene/input/MouseButton;ZZZZZZZZZ)V+46
j  com.sun.javafx.tk.quantum.GlassViewEventHandler$MouseEventNotification.run()Ljava/lang/Void;+476
j  com.sun.javafx.tk.quantum.GlassViewEventHandler$MouseEventNotification.run()Ljava/lang/Object;+1
v  ~StubRoutines::call_stub
j  java.security.AccessController.doPrivileged(Ljava/security/PrivilegedAction;Ljava/security/AccessControlContext;)Ljava/lang/Object;+0
j  com.sun.javafx.tk.quantum.GlassViewEventHandler.lambda$handleMouseEvent$355()Ljava/lang/Void;+11
j  com.sun.javafx.tk.quantum.GlassViewEventHandler$$Lambda$236.get()Ljava/lang/Object;+4
j  com.sun.javafx.tk.quantum.QuantumToolkit.runWithoutRenderLock(Ljava/util/function/Supplier;)Ljava/lang/Object;+18
j  com.sun.javafx.tk.quantum.GlassViewEventHandler.handleMouseEvent(Lcom/sun/glass/ui/View;JIIIIIIIZZ)V+103
j  com.sun.glass.ui.View.handleMouseEvent(JIIIIIIIZZ)V+30
j  com.sun.glass.ui.View.notifyMouse(IIIIIIIZZ)V+181
v  ~StubRoutines::call_stub
j  com.sun.glass.ui.win.WinApplication._runLoop(Ljava/lang/Runnable;)V+0
j  com.sun.glass.ui.win.WinApplication.lambda$null$149(ILjava/lang/Runnable;)V+8
j  com.sun.glass.ui.win.WinApplication$$Lambda$40.run()V+12
j  java.lang.Thread.run()V+11
v  ~StubRoutines::call_stub

---------------  P R O C E S S  ---------------

Java Threads: ( => current thread )
  0x165a3000 JavaThread "EMF Reference Cleaner" daemon [_thread_blocked, id=3024, stack(0x1f2a0000,0x1f2f0000)]
  0x16445800 JavaThread "Prism Font Disposer" daemon [_thread_blocked, id=640, stack(0x1d8a0000,0x1d8f0000)]
  0x162d7c00 JavaThread "Thread-3" daemon [_thread_in_native, id=5252, stack(0x1baf0000,0x1bb40000)]
=>0x162b1000 JavaThread "JavaFX Application Thread" [_thread_in_native, id=5196, stack(0x16b80000,0x16bd0000)]
  0x162bc400 JavaThread "Thread-2" daemon [_thread_blocked, id=2748, stack(0x16a70000,0x16ac0000)]
  0x162ac800 JavaThread "QuantumRenderer-0" daemon [_thread_blocked, id=2036, stack(0x166c0000,0x16710000)]
  0x1627f000 JavaThread "JavaFX-Launcher" [_thread_blocked, id=4156, stack(0x161a0000,0x161f0000)]
  0x0098fc00 JavaThread "Service Thread" daemon [_thread_blocked, id=5104, stack(0x15970000,0x159c0000)]
  0x00989800 JavaThread "C1 CompilerThread0" daemon [_thread_blocked, id=1916, stack(0x15a80000,0x15ad0000)]
  0x00988400 JavaThread "Attach Listener" daemon [_thread_blocked, id=3032, stack(0x15370000,0x153c0000)]
  0x00985800 JavaThread "Signal Dispatcher" daemon [_thread_blocked, id=4372, stack(0x152d0000,0x15320000)]
  0x00912400 JavaThread "Finalizer" daemon [_thread_blocked, id=4556, stack(0x01300000,0x01350000)]
  0x0090d800 JavaThread "Reference Handler" daemon [_thread_blocked, id=3584, stack(0x006b0000,0x00700000)]
  0x0040cc00 JavaThread "main" [_thread_blocked, id=2564, stack(0x011b0000,0x01200000)]

Other Threads:
  0x0090a400 VMThread [stack: 0x003a0000,0x003f0000] [id=3288]
  0x00991000 WatcherThread [stack: 0x15de0000,0x15e30000] [id=3636]

VM state:not at safepoint (normal execution)

VM Mutex/Monitor currently owned by a thread: None

Heap:
 def new generation   total 8768K, used 7514K [0x04800000, 0x05180000, 0x09d50000)
  eden space 7808K,  83% used [0x04800000, 0x04e66be8, 0x04fa0000)
  from space 960K, 100% used [0x05090000, 0x05180000, 0x05180000)
  to   space 960K,   0% used [0x04fa0000, 0x04fa0000, 0x05090000)
 tenured generation   total 19308K, used 16721K [0x09d50000, 0x0b02b000, 0x14800000)
   the space 19308K,  86% used [0x09d50000, 0x0ada4660, 0x0ada4800, 0x0b02b000)
 Metaspace       used 12759K, capacity 13518K, committed 13568K, reserved 13696K

Card table byte_map: [0x010c0000,0x01150000] byte_map_base: 0x0109c000

Polling page: 0x001c0000

CodeCache: size=32768Kb used=2622Kb max_used=2622Kb free=30145Kb
 bounds [0x027d0000, 0x02a68000, 0x047d0000]
 total_blobs=1832 nmethods=1388 adapters=373
 compilation: enabled

Compilation events (10 events):
Event: 5.271 Thread 0x00989800 1402   !         java.util.regex.Pattern::matcher (44 bytes)
Event: 5.271 Thread 0x00989800 nmethod 1402 0x02a57008 code [0x02a57120, 0x02a573b8]
Event: 5.274 Thread 0x00989800 1403   !         java.io.PrintStream::format (86 bytes)
Event: 5.274 Thread 0x00989800 nmethod 1403 0x02a574c8 code [0x02a57660, 0x02a57c44]
Event: 5.275 Thread 0x00989800 1404             java.lang.Integer::parseInt (261 bytes)
Event: 5.276 Thread 0x00989800 nmethod 1404 0x02a58448 code [0x02a58820, 0x02a59c5c]
Event: 5.276 Thread 0x00989800 1405             ecnu.modana.FmiDriver.OutputRow::outputRow (556 bytes)
Event: 5.277 Thread 0x00989800 nmethod 1405 0x02a5b508 code [0x02a5b8f0, 0x02a5d648]
Event: 5.277 Thread 0x00989800 1406             java.util.Locale::hashCode (41 bytes)
Event: 5.277 Thread 0x00989800 nmethod 1406 0x02a5fdc8 code [0x02a5fee0, 0x02a5ffd8]

GC Heap History (10 events):
Event: 2.430 GC heap before
{Heap before GC invocations=9 (full 0):
 def new generation   total 4928K, used 4522K [0x04800000, 0x04d50000, 0x09d50000)
  eden space 4416K, 100% used [0x04800000, 0x04c50000, 0x04c50000)
  from space 512K,  20% used [0x04cd0000, 0x04ceab88, 0x04d50000)
  to   space 512K,   0% used [0x04c50000, 0x04c50000, 0x04cd0000)
 tenured generation   total 10944K, used 9621K [0x09d50000, 0x0a800000, 0x14800000)
   the space 10944K,  87% used [0x09d50000, 0x0a6b57a0, 0x0a6b5800, 0x0a800000)
 Metaspace       used 9184K, capacity 9846K, committed 9856K, reserved 10624K
Event: 2.434 GC heap after
Heap after GC invocations=10 (full 0):
 def new generation   total 4928K, used 512K [0x04800000, 0x04d50000, 0x09d50000)
  eden space 4416K,   0% used [0x04800000, 0x04800000, 0x04c50000)
  from space 512K, 100% used [0x04c50000, 0x04cd0000, 0x04cd0000)
  to   space 512K,   0% used [0x04cd0000, 0x04cd0000, 0x04d50000)
 tenured generation   total 10944K, used 10463K [0x09d50000, 0x0a800000, 0x14800000)
   the space 10944K,  95% used [0x09d50000, 0x0a787d60, 0x0a787e00, 0x0a800000)
 Metaspace       used 9184K, capacity 9846K, committed 9856K, reserved 10624K
}
Event: 2.496 GC heap before
{Heap before GC invocations=10 (full 0):
 def new generation   total 4928K, used 4928K [0x04800000, 0x04d50000, 0x09d50000)
  eden space 4416K, 100% used [0x04800000, 0x04c50000, 0x04c50000)
  from space 512K, 100% used [0x04c50000, 0x04cd0000, 0x04cd0000)
  to   space 512K,   0% used [0x04cd0000, 0x04cd0000, 0x04d50000)
 tenured generation   total 10944K, used 10463K [0x09d50000, 0x0a800000, 0x14800000)
   the space 10944K,  95% used [0x09d50000, 0x0a787d60, 0x0a787e00, 0x0a800000)
 Metaspace       used 9657K, capacity 10272K, committed 10368K, reserved 10624K
Event: 2.518 GC heap after
Heap after GC invocations=11 (full 1):
 def new generation   total 8768K, used 341K [0x04800000, 0x05180000, 0x09d50000)
  eden space 7808K,   4% used [0x04800000, 0x04855710, 0x04fa0000)
  from space 960K,   0% used [0x04fa0000, 0x04fa0000, 0x05090000)
  to   space 960K,   0% used [0x05090000, 0x05090000, 0x05180000)
 tenured generation   total 19308K, used 11583K [0x09d50000, 0x0b02b000, 0x14800000)
   the space 19308K,  59% used [0x09d50000, 0x0a89fd30, 0x0a89fe00, 0x0b02b000)
 Metaspace       used 9657K, capacity 10272K, committed 10368K, reserved 10624K
}
Event: 2.642 GC heap before
{Heap before GC invocations=11 (full 1):
 def new generation   total 8768K, used 7808K [0x04800000, 0x05180000, 0x09d50000)
  eden space 7808K, 100% used [0x04800000, 0x04fa0000, 0x04fa0000)
  from space 960K,   0% used [0x04fa0000, 0x04fa0000, 0x05090000)
  to   space 960K,   0% used [0x05090000, 0x05090000, 0x05180000)
 tenured generation   total 19308K, used 11583K [0x09d50000, 0x0b02b000, 0x14800000)
   the space 19308K,  59% used [0x09d50000, 0x0a89fd30, 0x0a89fe00, 0x0b02b000)
 Metaspace       used 10916K, capacity 11552K, committed 11648K, reserved 11648K
Event: 2.649 GC heap after
Heap after GC invocations=12 (full 1):
 def new generation   total 8768K, used 959K [0x04800000, 0x05180000, 0x09d50000)
  eden space 7808K,   0% used [0x04800000, 0x04800000, 0x04fa0000)
  from space 960K,  99% used [0x05090000, 0x0517fff8, 0x05180000)
  to   space 960K,   0% used [0x04fa0000, 0x04fa0000, 0x05090000)
 tenured generation   total 19308K, used 12723K [0x09d50000, 0x0b02b000, 0x14800000)
   the space 19308K,  65% used [0x09d50000, 0x0a9bccb0, 0x0a9bce00, 0x0b02b000)
 Metaspace       used 10916K, capacity 11552K, committed 11648K, reserved 11648K
}
Event: 2.741 GC heap before
{Heap before GC invocations=12 (full 1):
 def new generation   total 8768K, used 8767K [0x04800000, 0x05180000, 0x09d50000)
  eden space 7808K, 100% used [0x04800000, 0x04fa0000, 0x04fa0000)
  from space 960K,  99% used [0x05090000, 0x0517fff8, 0x05180000)
  to   space 960K,   0% used [0x04fa0000, 0x04fa0000, 0x05090000)
 tenured generation   total 19308K, used 12723K [0x09d50000, 0x0b02b000, 0x14800000)
   the space 19308K,  65% used [0x09d50000, 0x0a9bccb0, 0x0a9bce00, 0x0b02b000)
 Metaspace       used 11538K, capacity 12235K, committed 12288K, reserved 12672K
Event: 2.745 GC heap after
Heap after GC invocations=13 (full 1):
 def new generation   total 8768K, used 790K [0x04800000, 0x05180000, 0x09d50000)
  eden space 7808K,   0% used [0x04800000, 0x04800000, 0x04fa0000)
  from space 960K,  82% used [0x04fa0000, 0x050658d0, 0x05090000)
  to   space 960K,   0% used [0x05090000, 0x05090000, 0x05180000)
 tenured generation   total 19308K, used 15289K [0x09d50000, 0x0b02b000, 0x14800000)
   the space 19308K,  79% used [0x09d50000, 0x0ac3e7f0, 0x0ac3e800, 0x0b02b000)
 Metaspace       used 11538K, capacity 12235K, committed 12288K, reserved 12672K
}
Event: 2.836 GC heap before
{Heap before GC invocations=13 (full 1):
 def new generation   total 8768K, used 8598K [0x04800000, 0x05180000, 0x09d50000)
  eden space 7808K, 100% used [0x04800000, 0x04fa0000, 0x04fa0000)
  from space 960K,  82% used [0x04fa0000, 0x050658d0, 0x05090000)
  to   space 960K,   0% used [0x05090000, 0x05090000, 0x05180000)
 tenured generation   total 19308K, used 15289K [0x09d50000, 0x0b02b000, 0x14800000)
   the space 19308K,  79% used [0x09d50000, 0x0ac3e7f0, 0x0ac3e800, 0x0b02b000)
 Metaspace       used 11916K, capacity 12695K, committed 12800K, reserved 13696K
Event: 2.842 GC heap after
Heap after GC invocations=14 (full 1):
 def new generation   total 8768K, used 960K [0x04800000, 0x05180000, 0x09d50000)
  eden space 7808K,   0% used [0x04800000, 0x04800000, 0x04fa0000)
  from space 960K, 100% used [0x05090000, 0x05180000, 0x05180000)
  to   space 960K,   0% used [0x04fa0000, 0x04fa0000, 0x05090000)
 tenured generation   total 19308K, used 16721K [0x09d50000, 0x0b02b000, 0x14800000)
   the space 19308K,  86% used [0x09d50000, 0x0ada4660, 0x0ada4800, 0x0b02b000)
 Metaspace       used 11916K, capacity 12695K, committed 12800K, reserved 13696K
}

Deoptimization events (0 events):
No events

Internal exceptions (10 events):
Event: 0.236 Thread 0x0040cc00 Exception <a 'java/lang/NoSuchFieldError': method resolution failed> (0x04c12bf0) thrown at [D:\re\puppet\workspace\8-2-build-windows-i586-cygwin\jdk8u60\4407\hotspot\src\share\vm\prims\methodHandles.cpp, line 1146]
Event: 0.237 Thread 0x0040cc00 Exception <a 'java/lang/NoSuchFieldError': method resolution failed> (0x04c1ed40) thrown at [D:\re\puppet\workspace\8-2-build-windows-i586-cygwin\jdk8u60\4407\hotspot\src\share\vm\prims\methodHandles.cpp, line 1146]
Event: 0.249 Thread 0x1627f000 Exception <a 'java/lang/NullPointerException'> (0x0485e4a0) thrown at [D:\re\puppet\workspace\8-2-build-windows-i586-cygwin\jdk8u60\4407\hotspot\src\share\vm\interpreter\linkResolver.cpp, line 1178]
Event: 0.386 Thread 0x162b1000 Exception <a 'java/lang/NullPointerException'> (0x0495f0a8) thrown at [D:\re\puppet\workspace\8-2-build-windows-i586-cygwin\jdk8u60\4407\hotspot\src\share\vm\interpreter\linkResolver.cpp, line 1178]
Event: 0.386 Thread 0x162b1000 Exception <a 'java/lang/NullPointerException'> (0x0495f0a8) thrown at [D:\re\puppet\workspace\8-2-build-windows-i586-cygwin\jdk8u60\4407\hotspot\src\share\vm\prims\jvm.cpp, line 1390]
Event: 2.530 Thread 0x162b1000 Exception <a 'java/lang/NoClassDefFoundError': org/eclipse/core/runtime/Platform> (0x048ebc20) thrown at [D:\re\puppet\workspace\8-2-build-windows-i586-cygwin\jdk8u60\4407\hotspot\src\share\vm\classfile\systemDictionary.cpp, line 199]
Event: 2.655 Thread 0x162b1000 Implicit null exception at 0x028a3d84 to 0x028a3e48
Event: 2.795 Thread 0x162b1000 Implicit null exception at 0x029decd3 to 0x029deec9
Event: 5.060 Thread 0x162b1000 Exception <a 'java/io/FileNotFoundException'> (0x04b2c060) thrown at [D:\re\puppet\workspace\8-2-build-windows-i586-cygwin\jdk8u60\4407\hotspot\src\share\vm\prims\jni.cpp, line 709]
Event: 5.097 Thread 0x162b1000 Exception <a 'java/lang/NullPointerException'> (0x04bafb40) thrown at [D:\re\puppet\workspace\8-2-build-windows-i586-cygwin\jdk8u60\4407\hotspot\src\share\vm\interpreter\linkResolver.cpp, line 1178]

Events (10 events):
Event: 5.230 loading class sun/misc/FormattedFloatingDecimal
Event: 5.230 loading class sun/misc/FormattedFloatingDecimal done
Event: 5.230 loading class sun/misc/FormattedFloatingDecimal$1
Event: 5.230 loading class sun/misc/FormattedFloatingDecimal$1 done
Event: 5.230 loading class sun/misc/FormattedFloatingDecimal$2
Event: 5.230 loading class sun/misc/FormattedFloatingDecimal$2 done
Event: 5.233 loading class com/sun/jna/ptr/ByteByReference
Event: 5.233 loading class com/sun/jna/ptr/ByteByReference done
Event: 5.233 loading class com/sun/jna/ptr/ByReference
Event: 5.233 loading class com/sun/jna/ptr/ByReference done


Dynamic libraries:
0x01390000 - 0x013c3000 	D:\ProgramFiles\java\jre32\bin\javaw.exe
0x77cd0000 - 0x77e50000 	C:\Windows\SysWOW64\ntdll.dll
0x75c60000 - 0x75d60000 	C:\Windows\syswow64\kernel32.dll
0x77560000 - 0x775a6000 	C:\Windows\syswow64\KERNELBASE.dll
0x75950000 - 0x759f0000 	C:\Windows\syswow64\ADVAPI32.dll
0x758a0000 - 0x7594c000 	C:\Windows\syswow64\msvcrt.dll
0x775b0000 - 0x775c9000 	C:\Windows\SysWOW64\sechost.dll
0x771a0000 - 0x77290000 	C:\Windows\syswow64\RPCRT4.dll
0x75840000 - 0x758a0000 	C:\Windows\syswow64\SspiCli.dll
0x75830000 - 0x7583c000 	C:\Windows\syswow64\CRYPTBASE.dll
0x772c0000 - 0x773c0000 	C:\Windows\syswow64\USER32.dll
0x77110000 - 0x771a0000 	C:\Windows\syswow64\GDI32.dll
0x75c50000 - 0x75c5a000 	C:\Windows\syswow64\LPK.dll
0x77790000 - 0x7782d000 	C:\Windows\syswow64\USP10.dll
0x72890000 - 0x72a2e000 	C:\Windows\WinSxS\x86_microsoft.windows.common-controls_6595b64144ccf1df_6.0.7600.16385_none_421189da2b7fabfc\COMCTL32.dll
0x75bf0000 - 0x75c47000 	C:\Windows\syswow64\SHLWAPI.dll
0x775d0000 - 0x77630000 	C:\Windows\system32\IMM32.DLL
0x75f00000 - 0x75fcc000 	C:\Windows\syswow64\MSCTF.dll
0x5aeb0000 - 0x5af6f000 	D:\ProgramFiles\java\jre32\bin\msvcr100.dll
0x5aae0000 - 0x5aea5000 	D:\ProgramFiles\java\jre32\bin\client\jvm.dll
0x70ff0000 - 0x70ff7000 	C:\Windows\system32\WSOCK32.dll
0x77830000 - 0x77865000 	C:\Windows\syswow64\WS2_32.dll
0x75de0000 - 0x75de6000 	C:\Windows\syswow64\NSI.dll
0x74f50000 - 0x74f82000 	C:\Windows\system32\WINMM.dll
0x75760000 - 0x75769000 	C:\Windows\system32\VERSION.dll
0x77100000 - 0x77105000 	C:\Windows\syswow64\PSAPI.DLL
0x6c870000 - 0x6c87c000 	D:\ProgramFiles\java\jre32\bin\verify.dll
0x5b200000 - 0x5b221000 	D:\ProgramFiles\java\jre32\bin\java.dll
0x5b240000 - 0x5b253000 	D:\ProgramFiles\java\jre32\bin\zip.dll
0x76450000 - 0x77099000 	C:\Windows\syswow64\SHELL32.dll
0x77630000 - 0x7778c000 	C:\Windows\syswow64\ole32.dll
0x75320000 - 0x7532b000 	C:\Windows\system32\profapi.dll
0x59250000 - 0x5933e000 	D:\ProgramFiles\java\jre32\bin\msvcr120.dll
0x5afb0000 - 0x5b021000 	D:\ProgramFiles\java\jre32\bin\msvcp120.dll
0x5b1e0000 - 0x5b1ff000 	D:\ProgramFiles\java\jre32\bin\prism_d3d.dll
0x5e920000 - 0x5eae3000 	C:\Windows\system32\d3d9.dll
0x6b140000 - 0x6b146000 	C:\Windows\system32\d3d8thk.dll
0x6e4d0000 - 0x6e4e3000 	C:\Windows\system32\dwmapi.dll
0x6eef0000 - 0x6ef70000 	C:\Windows\system32\uxtheme.dll
0x5dcf0000 - 0x5e919000 	C:\Windows\system32\nvd3dum.dll
0x5af70000 - 0x5afa3000 	D:\ProgramFiles\java\jre32\bin\glass.dll
0x75d60000 - 0x75ddb000 	C:\Windows\syswow64\COMDLG32.dll
0x759f0000 - 0x75a7f000 	C:\Windows\syswow64\OLEAUT32.dll
0x70af0000 - 0x70b3b000 	C:\Windows\system32\apphelp.dll
0x16bd0000 - 0x170b1000 	C:\Windows\system32\SOGOUPY.IME
0x708f0000 - 0x708f5000 	C:\Windows\system32\MSIMG32.dll
0x6ea00000 - 0x6ea3c000 	C:\Windows\system32\OLEACC.dll
0x756d0000 - 0x756f1000 	C:\Windows\system32\ntmarta.dll
0x75b10000 - 0x75b55000 	C:\Windows\syswow64\WLDAP32.dll
0x6e750000 - 0x6e8db000 	C:\Program Files (x86)\SogouInput\Components\PicFace\1.0.0.1390\PicFace.dll
0x67830000 - 0x67855000 	C:\Windows\system32\powrprof.dll
0x773c0000 - 0x7755d000 	C:\Windows\syswow64\SETUPAPI.dll
0x77870000 - 0x77897000 	C:\Windows\syswow64\CFGMGR32.dll
0x760f0000 - 0x76102000 	C:\Windows\syswow64\DEVOBJ.dll
0x5dc30000 - 0x5dcf0000 	C:\Program Files (x86)\NVIDIA Corporation\3D Vision\nvSCPAPI.dll
0x5b1c0000 - 0x5b1d1000 	D:\ProgramFiles\java\jre32\bin\javafx_font.dll
0x690a0000 - 0x691a9000 	C:\Windows\system32\dwrite.dll
0x75a80000 - 0x75b03000 	C:\Windows\syswow64\CLBCatQ.DLL
0x6e650000 - 0x6e74b000 	C:\Windows\system32\WindowsCodecs.dll
0x5a640000 - 0x5a7e6000 	C:\PROGRA~2\MICROS~4\Office15\GROOVEEX.DLL
0x72680000 - 0x726e9000 	C:\Windows\system32\MSVCP100.dll
0x71870000 - 0x71896000 	C:\Windows\system32\ATL100.DLL
0x6d4c0000 - 0x6d700000 	C:\Windows\system32\msi.dll
0x59b50000 - 0x5a16d000 	C:\PROGRA~2\MICROS~4\Office15\2052\GrooveIntlResource.dll
0x5a920000 - 0x5a951000 	C:\Windows\system32\EhStorShell.dll
0x72560000 - 0x72655000 	C:\Windows\system32\PROPSYS.dll
0x5d6c0000 - 0x5d72f000 	C:\Windows\system32\ntshrui.dll
0x751e0000 - 0x751f9000 	C:\Windows\system32\srvcli.dll
0x6e310000 - 0x6e31b000 	C:\Windows\system32\cscapi.dll
0x68460000 - 0x6846a000 	C:\Windows\system32\slc.dll
0x5aab0000 - 0x5aad1000 	C:\Program Files (x86)\Common Files\Microsoft Shared\Ink\rtscom.dll
0x1bf40000 - 0x1c01d000 	C:\Program Files (x86)\SogouInput\7.7.0.7006\Resource.dll
0x6c720000 - 0x6c72f000 	D:\ProgramFiles\java\jre32\bin\prism_common.dll
0x5a850000 - 0x5a91f000 	C:\Windows\system32\d2d1.dll
0x5aa90000 - 0x5aaa5000 	D:\ProgramFiles\java\jre32\bin\net.dll
0x72c10000 - 0x72c4c000 	C:\Windows\system32\mswsock.dll
0x70a90000 - 0x70a96000 	C:\Windows\System32\wship6.dll
0x70ce0000 - 0x70cf6000 	C:\Windows\system32\CRYPTSP.dll
0x70c70000 - 0x70cab000 	C:\Windows\system32\rsaenh.dll
0x75330000 - 0x75347000 	C:\Windows\system32\USERENV.dll
0x75120000 - 0x7513c000 	C:\Windows\system32\IPHLPAPI.DLL
0x75110000 - 0x75117000 	C:\Windows\system32\WINNSI.DLL
0x72c50000 - 0x72c5d000 	C:\Windows\system32\dhcpcsvc6.DLL
0x74e40000 - 0x74e52000 	C:\Windows\system32\dhcpcsvc.DLL
0x5b230000 - 0x5b23f000 	D:\ProgramFiles\java\jre32\bin\nio.dll
0x58bf0000 - 0x58d35000 	D:\ProgramFiles\java\jre32\bin\awt.dll
0x1e800000 - 0x1e83d000 	C:\Users\Ljf\AppData\Local\Temp\jna-Ljf\jna11934050419492494.dll
0x63280000 - 0x63405000 	C:\Users\Ljf\AppData\Local\Temp\FMUFile1623377253291120640.tmp\binaries\win32\MyBouncingBall.dll
0x718c0000 - 0x719ab000 	C:\Windows\system32\dbghelp.dll

VM Arguments:
jvm_args: -Dfile.encoding=UTF-8 
java_command: ecnu.modana.Modana -mui
java_class_path (initial): D:\WorkSpace\Java\win32\modana\bin;D:\WorkSpace\Java\win32\modana\libs\log4j-1.2.17.jar;D:\WorkSpace\Java\win32\modana\libs\dom4j-1.6.1.jar;D:\WorkSpace\Java\win32\modana\libs\org.eclipse.emf_2.6.0.v20140901-1055.jar;D:\WorkSpace\Java\win32\modana\libs\org.eclipse.emf.common_2.10.1.v20140901-1043.jar;D:\WorkSpace\Java\win32\modana\libs\org.eclipse.emf.ecore_2.10.1.v20140901-1043.jar;D:\WorkSpace\Java\win32\modana\libs\org.eclipse.emf.ecore.xmi_2.10.1.v20140901-1043.jar;D:\WorkSpace\Java\win32\modana\libs\fmi.jar;D:\WorkSpace\Java\win32\modana\libs\jna.jar
Launcher Type: SUN_STANDARD

Environment Variables:
PATH=C:/Program Files (x86)/Java/jdk32/jre32/bin/client;C:/Program Files (x86)/Java/jdk32/jre32/bin;C:/Program Files (x86)/Java/jdk32/jre32/lib/i386;C:\ProgramData\Oracle\Java\javapath;C:\Windows\system32;C:\Windows;C:\Windows\System32\Wbem;C:\Windows\System32\WindowsPowerShell\v1.0\;C:\Program Files (x86)\NVIDIA Corporation\PhysX\Common;C:\Windows\SysWOW64;C:\Program Files (x86)\Java\jdk32\bin;C:\Program Files (x86)\Java\jdk32\jre\bin;D:\ProgramFiles\MinGW;D:\ProgramFiles\MinGW\mingw32\bin;D:\ProgramFiles\Cygwin64;E:\postGraduate\¹¤¾ß\eclipse-automotive-win32\eclipse;
USERNAME=Ljf
OS=Windows_NT
PROCESSOR_IDENTIFIER=Intel64 Family 6 Model 60 Stepping 3, GenuineIntel



---------------  S Y S T E M  ---------------

OS: Windows 7 , 64 bit Build 7600 (6.1.7600.16385)

CPU:total 8 (4 cores per cpu, 2 threads per core) family 6 model 60 stepping 3, cmov, cx8, fxsr, mmx, sse, sse2, sse3, ssse3, sse4.1, sse4.2, popcnt, aes, clmul, erms, lzcnt, ht, tsc, tscinvbit, bmi1, bmi2

Memory: 4k page, physical 8334184k(5324380k free), swap 16666472k(13429368k free)

vm_info: Java HotSpot(TM) Client VM (25.60-b23) for windows-x86 JRE (1.8.0_60-b27), built on Aug  4 2015 10:57:40 by "java_re" with MS VC++ 10.0 (VS2010)

time: Fri Nov 13 13:55:16 2015
elapsed time: 5 seconds (0d 0h 0m 5s)

